#
# There is insufficient memory for the Java Runtime Environment to continue.
# Native memory allocation (malloc) failed to allocate 525392 bytes for Chunk::new
# Possible reasons:
#   The system is out of physical RAM or swap space
#   In 32 bit mode, the process size limit was hit
# Possible solutions:
#   Reduce memory load on the system
#   Increase physical memory or swap space
#   Check if swap backing store is full
#   Use 64 bit Java on a 64 bit OS
#   Decrease Java heap size (-Xmx/-Xms)
#   Decrease number of Java threads
#   Decrease Java thread stack sizes (-Xss)
#   Set larger code cache with -XX:ReservedCodeCacheSize=
# This output file may be truncated or incomplete.
#
#  Out of Memory Error (allocation.cpp:323), pid=5816, tid=3856
#
# JRE version: Java(TM) SE Runtime Environment (7.0_79-b15) (build 1.7.0_79-b15)
# Java VM: Java HotSpot(TM) 64-Bit Server VM (24.79-b02 mixed mode windows-amd64 compressed oops)
# Failed to write core dump. Minidumps are not enabled by default on client versions of Windows
#

---------------  T H R E A D  ---------------

Current thread (0x0000000009a10800):  JavaThread "C2 CompilerThread0" daemon [_thread_in_native, id=3856, stack(0x000000000a000000,0x000000000a100000)]

Stack: [0x000000000a000000,0x000000000a100000]

Current CompileTask:
C2:  20083  705             com.android.dx.ssa.back.FirstFitLocalCombiningAllocator::processPhiInsn (255 bytes)


---------------  P R O C E S S  ---------------

Java Threads: ( => current thread )
  0x000000000a43b000 JavaThread "pool-1-thread-4" [_thread_in_Java, id=6684, stack(0x000000000b000000,0x000000000b100000)]
  0x000000000a43a800 JavaThread "pool-1-thread-3" [_thread_in_Java, id=2896, stack(0x000000000af00000,0x000000000b000000)]
  0x000000000a435800 JavaThread "pool-1-thread-2" [_thread_blocked, id=2176, stack(0x000000000ae00000,0x000000000af00000)]
  0x000000000a432000 JavaThread "pool-2-thread-1" [_thread_blocked, id=5804, stack(0x000000000ad00000,0x000000000ae00000)]
  0x000000000a442000 JavaThread "pool-1-thread-1" [_thread_in_Java, id=488, stack(0x000000000ac00000,0x000000000ad00000)]
  0x0000000009a1e000 JavaThread "Service Thread" daemon [_thread_blocked, id=704, stack(0x000000000a200000,0x000000000a300000)]
  0x0000000009a14000 JavaThread "C2 CompilerThread1" daemon [_thread_in_native, id=3260, stack(0x000000000a100000,0x000000000a200000)]
=>0x0000000009a10800 JavaThread "C2 CompilerThread0" daemon [_thread_in_native, id=3856, stack(0x000000000a000000,0x000000000a100000)]
  0x0000000009a0d800 JavaThread "Attach Listener" daemon [_thread_blocked, id=5024, stack(0x0000000009f00000,0x000000000a000000)]
  0x000000000870e800 JavaThread "Signal Dispatcher" daemon [_thread_blocked, id=612, stack(0x0000000009e00000,0x0000000009f00000)]
  0x000000000868a000 JavaThread "Finalizer" daemon [_thread_blocked, id=6200, stack(0x0000000009900000,0x0000000009a00000)]
  0x0000000008686800 JavaThread "Reference Handler" daemon [_thread_blocked, id=4628, stack(0x0000000009800000,0x0000000009900000)]
  0x0000000002705800 JavaThread "main" [_thread_in_Java, id=4808, stack(0x0000000002600000,0x0000000002700000)]

Other Threads:
  0x0000000008679800 VMThread [stack: 0x0000000009700000,0x0000000009800000] [id=3580]
  0x0000000009a2a000 WatcherThread [stack: 0x000000000a300000,0x000000000a400000] [id=5876]

VM state:not at safepoint (normal execution)

VM Mutex/Monitor currently owned by a thread: None

Heap
 PSYoungGen      total 146432K, used 95958K [0x00000000eaa80000, 0x00000000fde80000, 0x0000000100000000)
  eden space 128512K, 66% used [0x00000000eaa80000,0x00000000efd65ff0,0x00000000f2800000)
  from space 17920K, 61% used [0x00000000f2800000,0x00000000f32cfbe0,0x00000000f3980000)
  to   space 29184K, 0% used [0x00000000fc200000,0x00000000fc200000,0x00000000fde80000)
 ParOldGen       total 41984K, used 41891K [0x00000000c0000000, 0x00000000c2900000, 0x00000000eaa80000)
  object space 41984K, 99% used [0x00000000c0000000,0x00000000c28e8c00,0x00000000c2900000)
 PSPermGen       total 21504K, used 6150K [0x00000000bae00000, 0x00000000bc300000, 0x00000000c0000000)
  object space 21504K, 28% used [0x00000000bae00000,0x00000000bb4018d8,0x00000000bc300000)

Card table byte_map: [0x00000000058c0000,0x0000000005af0000] byte_map_base: 0x00000000052e9000

Polling page: 0x0000000002310000

Code Cache  [0x0000000002800000, 0x0000000002b00000, 0x0000000005800000)
 total_blobs=924 nmethods=685 adapters=191 free_code_cache=46352Kb largest_free_block=47245632

Compilation events (10 events):
Event: 19.930 Thread 0x0000000009a14000  699             com.android.dx.cf.iface.StdMethodList::get (9 bytes)
Event: 19.930 Thread 0x0000000009a10800  700             com.android.dx.rop.code.AccessFlags::isPrivate (12 bytes)
Event: 19.931 Thread 0x0000000009a10800 nmethod 700 0x0000000002ab3f90 code [0x0000000002ab40c0, 0x0000000002ab4118]
Event: 19.932 Thread 0x0000000009a10800  701             com.android.dx.util.Hex::u2 (44 bytes)
Event: 19.932 Thread 0x0000000009a14000 nmethod 699 0x0000000002ab2490 code [0x0000000002ab25e0, 0x0000000002ab2698]
Event: 19.934 Thread 0x0000000009a14000  702             com.android.dx.rop.cst.CstType::isCategory2 (2 bytes)
Event: 19.935 Thread 0x0000000009a14000 nmethod 702 0x0000000002ab2290 code [0x0000000002ab23c0, 0x0000000002ab2418]
Event: 19.938 Thread 0x0000000009a10800 nmethod 701 0x0000000002ab1d90 code [0x0000000002ab1ee0, 0x0000000002ab2138]
Event: 19.956 Thread 0x0000000009a14000  704   !         com.android.dx.cf.direct.MemberListParser::parse (641 bytes)
Event: 19.978 Thread 0x0000000009a10800  705             com.android.dx.ssa.back.FirstFitLocalCombiningAllocator::processPhiInsn (255 bytes)

GC Heap History (10 events):
Event: 13.971 GC heap before
{Heap before GC invocations=4 (full 0):
 PSYoungGen      total 35328K, used 35318K [0x00000000eaa80000, 0x00000000eef80000, 0x0000000100000000)
  eden space 32768K, 100% used [0x00000000eaa80000,0x00000000eca80000,0x00000000eca80000)
  from space 2560K, 99% used [0x00000000eca80000,0x00000000eccfd9b0,0x00000000ecd00000)
  to   space 2560K, 0% used [0x00000000eed00000,0x00000000eed00000,0x00000000eef80000)
 ParOldGen       total 41984K, used 7678K [0x00000000c0000000, 0x00000000c2900000, 0x00000000eaa80000)
  object space 41984K, 18% used [0x00000000c0000000,0x00000000c077f810,0x00000000c2900000)
 PSPermGen       total 21504K, used 6003K [0x00000000bae00000, 0x00000000bc300000, 0x00000000c0000000)
  object space 21504K, 27% used [0x00000000bae00000,0x00000000bb3dcdf8,0x00000000bc300000)
Event: 14.043 GC heap after
Heap after GC invocations=4 (full 0):
 PSYoungGen      total 68096K, used 2534K [0x00000000eaa80000, 0x00000000eef80000, 0x0000000100000000)
  eden space 65536K, 0% used [0x00000000eaa80000,0x00000000eaa80000,0x00000000eea80000)
  from space 2560K, 99% used [0x00000000eed00000,0x00000000eef799a0,0x00000000eef80000)
  to   space 2560K, 0% used [0x00000000eea80000,0x00000000eea80000,0x00000000eed00000)
 ParOldGen       total 41984K, used 13476K [0x00000000c0000000, 0x00000000c2900000, 0x00000000eaa80000)
  object space 41984K, 32% used [0x00000000c0000000,0x00000000c0d29388,0x00000000c2900000)
 PSPermGen       total 21504K, used 6003K [0x00000000bae00000, 0x00000000bc300000, 0x00000000c0000000)
  object space 21504K, 27% used [0x00000000bae00000,0x00000000bb3dcdf8,0x00000000bc300000)
}
Event: 15.678 GC heap before
{Heap before GC invocations=5 (full 0):
 PSYoungGen      total 68096K, used 68070K [0x00000000eaa80000, 0x00000000eef80000, 0x0000000100000000)
  eden space 65536K, 100% used [0x00000000eaa80000,0x00000000eea80000,0x00000000eea80000)
  from space 2560K, 99% used [0x00000000eed00000,0x00000000eef799a0,0x00000000eef80000)
  to   space 2560K, 0% used [0x00000000eea80000,0x00000000eea80000,0x00000000eed00000)
 ParOldGen       total 41984K, used 13476K [0x00000000c0000000, 0x00000000c2900000, 0x00000000eaa80000)
  object space 41984K, 32% used [0x00000000c0000000,0x00000000c0d29388,0x00000000c2900000)
 PSPermGen       total 21504K, used 6031K [0x00000000bae00000, 0x00000000bc300000, 0x00000000c0000000)
  object space 21504K, 28% used [0x00000000bae00000,0x00000000bb3e3c98,0x00000000bc300000)
Event: 15.712 GC heap after
Heap after GC invocations=5 (full 0):
 PSYoungGen      total 68096K, used 2550K [0x00000000eaa80000, 0x00000000f4880000, 0x0000000100000000)
  eden space 65536K, 0% used [0x00000000eaa80000,0x00000000eaa80000,0x00000000eea80000)
  from space 2560K, 99% used [0x00000000eea80000,0x00000000eecfd990,0x00000000eed00000)
  to   space 15360K, 0% used [0x00000000f3980000,0x00000000f3980000,0x00000000f4880000)
 ParOldGen       total 41984K, used 24314K [0x00000000c0000000, 0x00000000c2900000, 0x00000000eaa80000)
  object space 41984K, 57% used [0x00000000c0000000,0x00000000c17beb18,0x00000000c2900000)
 PSPermGen       total 21504K, used 6031K [0x00000000bae00000, 0x00000000bc300000, 0x00000000c0000000)
  object space 21504K, 28% used [0x00000000bae00000,0x00000000bb3e3c98,0x00000000bc300000)
}
Event: 16.636 GC heap before
{Heap before GC invocations=6 (full 0):
 PSYoungGen      total 68096K, used 68086K [0x00000000eaa80000, 0x00000000f4880000, 0x0000000100000000)
  eden space 65536K, 100% used [0x00000000eaa80000,0x00000000eea80000,0x00000000eea80000)
  from space 2560K, 99% used [0x00000000eea80000,0x00000000eecfd990,0x00000000eed00000)
  to   space 15360K, 0% used [0x00000000f3980000,0x00000000f3980000,0x00000000f4880000)
 ParOldGen       total 41984K, used 24314K [0x00000000c0000000, 0x00000000c2900000, 0x00000000eaa80000)
  object space 41984K, 57% used [0x00000000c0000000,0x00000000c17beb18,0x00000000c2900000)
 PSPermGen       total 21504K, used 6072K [0x00000000bae00000, 0x00000000bc300000, 0x00000000c0000000)
  object space 21504K, 28% used [0x00000000bae00000,0x00000000bb3ee068,0x00000000bc300000)
Event: 16.837 GC heap after
Heap after GC invocations=6 (full 0):
 PSYoungGen      total 143872K, used 13849K [0x00000000eaa80000, 0x00000000f4d80000, 0x0000000100000000)
  eden space 128512K, 0% used [0x00000000eaa80000,0x00000000eaa80000,0x00000000f2800000)
  from space 15360K, 90% used [0x00000000f3980000,0x00000000f4706520,0x00000000f4880000)
  to   space 17920K, 0% used [0x00000000f2800000,0x00000000f2800000,0x00000000f3980000)
 ParOldGen       total 41984K, used 24314K [0x00000000c0000000, 0x00000000c2900000, 0x00000000eaa80000)
  object space 41984K, 57% used [0x00000000c0000000,0x00000000c17beb18,0x00000000c2900000)
 PSPermGen       total 21504K, used 6072K [0x00000000bae00000, 0x00000000bc300000, 0x00000000c0000000)
  object space 21504K, 28% used [0x00000000bae00000,0x00000000bb3ee068,0x00000000bc300000)
}
Event: 18.163 GC heap before
{Heap before GC invocations=7 (full 0):
 PSYoungGen      total 143872K, used 142361K [0x00000000eaa80000, 0x00000000f4d80000, 0x0000000100000000)
  eden space 128512K, 100% used [0x00000000eaa80000,0x00000000f2800000,0x00000000f2800000)
  from space 15360K, 90% used [0x00000000f3980000,0x00000000f4706520,0x00000000f4880000)
  to   space 17920K, 0% used [0x00000000f2800000,0x00000000f2800000,0x00000000f3980000)
 ParOldGen       total 41984K, used 24314K [0x00000000c0000000, 0x00000000c2900000, 0x00000000eaa80000)
  object space 41984K, 57% used [0x00000000c0000000,0x00000000c17beb18,0x00000000c2900000)
 PSPermGen       total 21504K, used 6142K [0x00000000bae00000, 0x00000000bc300000, 0x00000000c0000000)
  object space 21504K, 28% used [0x00000000bae00000,0x00000000bb3ff830,0x00000000bc300000)
Event: 18.330 GC heap after
Heap after GC invocations=7 (full 0):
 PSYoungGen      total 146432K, used 17901K [0x00000000eaa80000, 0x00000000fde80000, 0x0000000100000000)
  eden space 128512K, 0% used [0x00000000eaa80000,0x00000000eaa80000,0x00000000f2800000)
  from space 17920K, 99% used [0x00000000f2800000,0x00000000f397b730,0x00000000f3980000)
  to   space 29184K, 0% used [0x00000000fc200000,0x00000000fc200000,0x00000000fde80000)
 ParOldGen       total 41984K, used 39557K [0x00000000c0000000, 0x00000000c2900000, 0x00000000eaa80000)
  object space 41984K, 94% used [0x00000000c0000000,0x00000000c26a1548,0x00000000c2900000)
 PSPermGen       total 21504K, used 6142K [0x00000000bae00000, 0x00000000bc300000, 0x00000000c0000000)
  object space 21504K, 28% used [0x00000000bae00000,0x00000000bb3ff830,0x00000000bc300000)
}
Event: 18.330 GC heap before
{Heap before GC invocations=8 (full 1):
 PSYoungGen      total 146432K, used 17901K [0x00000000eaa80000, 0x00000000fde80000, 0x0000000100000000)
  eden space 128512K, 0% used [0x00000000eaa80000,0x00000000eaa80000,0x00000000f2800000)
  from space 17920K, 99% used [0x00000000f2800000,0x00000000f397b730,0x00000000f3980000)
  to   space 29184K, 0% used [0x00000000fc200000,0x00000000fc200000,0x00000000fde80000)
 ParOldGen       total 41984K, used 39557K [0x00000000c0000000, 0x00000000c2900000, 0x00000000eaa80000)
  object space 41984K, 94% used [0x00000000c0000000,0x00000000c26a1548,0x00000000c2900000)
 PSPermGen       total 21504K, used 6142K [0x00000000bae00000, 0x00000000bc300000, 0x00000000c0000000)
  object space 21504K, 28% used [0x00000000bae00000,0x00000000bb3ff830,0x00000000bc300000)
Event: 19.498 GC heap after
Heap after GC invocations=8 (full 1):
 PSYoungGen      total 146432K, used 11070K [0x00000000eaa80000, 0x00000000fde80000, 0x0000000100000000)
  eden space 128512K, 0% used [0x00000000eaa80000,0x00000000eaa80000,0x00000000f2800000)
  from space 17920K, 61% used [0x00000000f2800000,0x00000000f32cfbe0,0x00000000f3980000)
  to   space 29184K, 0% used [0x00000000fc200000,0x00000000fc200000,0x00000000fde80000)
 ParOldGen       total 41984K, used 41891K [0x00000000c0000000, 0x00000000c2900000, 0x00000000eaa80000)
  object space 41984K, 99% used [0x00000000c0000000,0x00000000c28e8c00,0x00000000c2900000)
 PSPermGen       total 21504K, used 6136K [0x00000000bae00000, 0x00000000bc300000, 0x00000000c0000000)
  object space 21504K, 28% used [0x00000000bae00000,0x00000000bb3fe2b0,0x00000000bc300000)
}

Deoptimization events (10 events):
Event: 17.386 Thread 0x000000000a442000 Uncommon trap: reason=class_check action=maybe_recompile pc=0x00000000029c0488 method=com.android.dx.ssa.ConstCollector.getConstsSortedByCountUse()Ljava/util/ArrayList; @ 168
Event: 17.556 Thread 0x000000000a43a800 Uncommon trap: reason=unreached action=reinterpret pc=0x00000000028821cc method=java.util.HashMap.getEntry(Ljava/lang/Object;)Ljava/util/HashMap$Entry; @ 71
Event: 17.727 Thread 0x000000000a435800 Uncommon trap: reason=bimorphic action=maybe_recompile pc=0x0000000002a9e434 method=com.android.dx.cf.code.BytecodeArray.parseInstruction(ILcom/android/dx/cf/code/BytecodeArray$Visitor;)I @ 971
Event: 17.727 Thread 0x000000000a435800 Uncommon trap: reason=bimorphic action=maybe_recompile pc=0x0000000002a9e434 method=com.android.dx.cf.code.BytecodeArray.parseInstruction(ILcom/android/dx/cf/code/BytecodeArray$Visitor;)I @ 971
Event: 19.538 Thread 0x0000000002705800 Uncommon trap: reason=bimorphic action=maybe_recompile pc=0x0000000002ad2c70 method=com.android.dx.cf.code.BytecodeArray.parseInstruction(ILcom/android/dx/cf/code/BytecodeArray$Visitor;)I @ 1035
Event: 19.538 Thread 0x0000000002705800 Uncommon trap: reason=bimorphic action=maybe_recompile pc=0x0000000002ad2b08 method=com.android.dx.cf.code.BytecodeArray.parseInstruction(ILcom/android/dx/cf/code/BytecodeArray$Visitor;)I @ 987
Event: 19.539 Thread 0x0000000002705800 Uncommon trap: reason=bimorphic action=maybe_recompile pc=0x0000000002ad2ce8 method=com.android.dx.cf.code.BytecodeArray.parseInstruction(ILcom/android/dx/cf/code/BytecodeArray$Visitor;)I @ 1051
Event: 19.539 Thread 0x0000000002705800 Uncommon trap: reason=bimorphic action=maybe_recompile pc=0x0000000002ad2c70 method=com.android.dx.cf.code.BytecodeArray.parseInstruction(ILcom/android/dx/cf/code/BytecodeArray$Visitor;)I @ 1035
Event: 19.635 Thread 0x0000000002705800 Uncommon trap: reason=unreached action=reinterpret pc=0x0000000002a83dc4 method=com.android.dx.cf.direct.StdAttributeFactory.parse0(Lcom/android/dx/cf/direct/DirectClassFile;ILjava/lang/String;IILcom/android/dx/cf/iface/ParseObserver;)Lcom/android/dx/cf/if~Ø8¬ÅÍ3@
Event: 19.916 Thread 0x000000000a442000 Uncommon trap: reason=unreached action=reinterpret pc=0x0000000002ae2bb0 method=com.android.dx.cf.code.BytecodeArray.parseInstruction(ILcom/android/dx/cf/code/BytecodeArray$Visitor;)I @ 1261

Internal exceptions (10 events):
Event: 9.513 Thread 0x0000000002705800 Implicit null exception at 0x00000000028b0c1e to 0x00000000028b1c31
Event: 10.059 Thread 0x0000000002705800 Implicit null exception at 0x00000000028a8f2b to 0x00000000028a960d
Event: 11.493 Thread 0x000000000a442000 Implicit null exception at 0x00000000028c21dc to 0x00000000028c35d9
Event: 11.515 Thread 0x0000000002705800 Threw 0x00000000ec8b6f88 at C:\re\jdk7u79\2331\hotspot\src\share\vm\prims\jvm.cpp:1304
Event: 13.207 Thread 0x000000000a442000 Threw 0x00000000ebbdafd0 at C:\re\jdk7u79\2331\hotspot\src\share\vm\prims\jvm.cpp:1304
Event: 13.931 Thread 0x000000000a435800 Threw 0x00000000ec6bc4c8 at C:\re\jdk7u79\2331\hotspot\src\share\vm\prims\jvm.cpp:1304
Event: 16.346 Thread 0x0000000002705800 Threw 0x00000000ecb569b0 at C:\re\jdk7u79\2331\hotspot\src\share\vm\prims\jvm.cpp:1304
Event: 16.381 Thread 0x000000000a442000 Implicit null exception at 0x0000000002a20cd4 to 0x0000000002a20e59
Event: 16.381 Thread 0x000000000a442000 Implicit null exception at 0x00000000029a2a80 to 0x00000000029a2bf1
Event: 16.397 Thread 0x000000000a43b000 Implicit null exception at 0x00000000029521d9 to 0x00000000029522e9

Events (10 events):
Event: 19.635 Thread 0x0000000002705800 Uncommon trap: trap_request=0xffffffad fr.pc=0x0000000002a83dc4
Event: 19.635 Thread 0x0000000002705800 DEOPT PACKING pc=0x0000000002a83dc4 sp=0x00000000026feb20
Event: 19.635 Thread 0x0000000002705800 DEOPT UNPACKING pc=0x00000000028375a4 sp=0x00000000026feab8 mode 2
Event: 19.637 Thread 0x0000000009a10800 flushing nmethod 0x000000000298bd90
Event: 19.804 Thread 0x0000000009a10800 flushing nmethod 0x00000000029fa6d0
Event: 19.804 Thread 0x0000000009a10800 flushing nmethod 0x0000000002a11ad0
Event: 19.805 Thread 0x0000000009a10800 flushing nmethod 0x0000000002a19c50
Event: 19.916 Thread 0x000000000a442000 Uncommon trap: trap_request=0xffffffad fr.pc=0x0000000002ae2bb0
Event: 19.916 Thread 0x000000000a442000 DEOPT PACKING pc=0x0000000002ae2bb0 sp=0x000000000acfed50
Event: 19.916 Thread 0x000000000a442000 DEOPT UNPACKING pc=0x00000000028375a4 sp=0x000000000acfed10 mode 2


Dynamic libraries:
0x00007ff730e90000 - 0x00007ff730ec3000 	C:\Program Files\Java\jdk1.7.0_79\bin\java.exe
0x00007ffd45830000 - 0x00007ffd459f1000 	C:\WINDOWS\SYSTEM32\ntdll.dll
0x00007ffd438c0000 - 0x00007ffd4396d000 	C:\WINDOWS\system32\KERNEL32.DLL
0x00007ffd42400000 - 0x00007ffd425dd000 	C:\WINDOWS\system32\KERNELBASE.dll
0x00007ffd408b0000 - 0x00007ffd40928000 	C:\WINDOWS\system32\apphelp.dll
0x00007ffd1c920000 - 0x00007ffd1cda2000 	C:\WINDOWS\AppPatch\AppPatch64\AcLayers.DLL
0x00007ffd45750000 - 0x00007ffd457ed000 	C:\WINDOWS\system32\msvcrt.dll
0x00007ffd43f80000 - 0x00007ffd440ce000 	C:\WINDOWS\system32\USER32.dll
0x00007ffd43080000 - 0x00007ffd43206000 	C:\WINDOWS\system32\GDI32.dll
0x00007ffd43340000 - 0x00007ffd43391000 	C:\WINDOWS\system32\SHLWAPI.dll
0x00007ffd43d00000 - 0x00007ffd43f7c000 	C:\WINDOWS\system32\combase.dll
0x00007ffd43210000 - 0x00007ffd43336000 	C:\WINDOWS\system32\RPCRT4.dll
0x0000000000410000 - 0x0000000000413000 	C:\WINDOWS\SYSTEM32\sfc.dll
0x00007ffd377d0000 - 0x00007ffd37854000 	C:\WINDOWS\SYSTEM32\WINSPOOL.DRV
0x00007ffd42190000 - 0x00007ffd421b8000 	C:\WINDOWS\SYSTEM32\bcrypt.dll
0x00007ffd2f890000 - 0x00007ffd2f8a1000 	C:\WINDOWS\SYSTEM32\sfc_os.DLL
0x00007ffd3dbf0000 - 0x00007ffd3dc01000 	C:\WINDOWS\SYSTEM32\SortWindows61.dll
0x00007ffd42f70000 - 0x00007ffd42fa6000 	C:\WINDOWS\system32\IMM32.DLL
0x00007ffd435f0000 - 0x00007ffd4374c000 	C:\WINDOWS\system32\MSCTF.dll
0x00007ffd43540000 - 0x00007ffd435e6000 	C:\WINDOWS\system32\ADVAPI32.dll
0x00007ffd42fb0000 - 0x00007ffd4300b000 	C:\WINDOWS\system32\sechost.dll
0x00007ffd36ff0000 - 0x00007ffd37264000 	C:\WINDOWS\WinSxS\amd64_microsoft.windows.common-controls_6595b64144ccf1df_6.0.10240.16384_none_f41f7b285750ef43\COMCTL32.dll
0x0000000067330000 - 0x0000000067402000 	C:\Program Files\Java\jdk1.7.0_79\jre\bin\msvcr100.dll
0x00000000678a0000 - 0x0000000068075000 	C:\Program Files\Java\jdk1.7.0_79\jre\bin\server\jvm.dll
0x00007ffd45810000 - 0x00007ffd45818000 	C:\WINDOWS\system32\PSAPI.DLL
0x00007ffd3dd10000 - 0x00007ffd3dd19000 	C:\WINDOWS\SYSTEM32\WSOCK32.dll
0x00007ffd42f00000 - 0x00007ffd42f69000 	C:\WINDOWS\system32\WS2_32.dll
0x00007ffd43970000 - 0x00007ffd43978000 	C:\WINDOWS\system32\NSI.dll
0x00007ffd40480000 - 0x00007ffd404a3000 	C:\WINDOWS\SYSTEM32\WINMM.dll
0x00007ffd40420000 - 0x00007ffd4044c000 	C:\WINDOWS\SYSTEM32\WINMMBASE.dll
0x00007ffd42300000 - 0x00007ffd42344000 	C:\WINDOWS\system32\cfgmgr32.dll
0x00007ffd40b30000 - 0x00007ffd40b57000 	C:\WINDOWS\SYSTEM32\DEVOBJ.dll
0x00000000677b0000 - 0x00000000677bf000 	C:\Program Files\Java\jdk1.7.0_79\jre\bin\verify.dll
0x0000000067780000 - 0x00000000677a8000 	C:\Program Files\Java\jdk1.7.0_79\jre\bin\java.dll
0x0000000067760000 - 0x0000000067775000 	C:\Program Files\Java\jdk1.7.0_79\jre\bin\zip.dll
0x0000000067740000 - 0x000000006775a000 	C:\Program Files\Java\jdk1.7.0_79\jre\bin\net.dll
0x00007ffd41ad0000 - 0x00007ffd41b2d000 	C:\WINDOWS\system32\mswsock.dll
0x0000000067720000 - 0x0000000067731000 	C:\Program Files\Java\jdk1.7.0_79\jre\bin\nio.dll

VM Arguments:
jvm_args: -Xmx1024M -Dfile.encoding=GBK -Duser.country=CN -Duser.language=zh -Duser.variant 
java_command: com.android.dx.command.Main --dex --num-threads=4 --output D:\WorkProgram\AndroidstudioProjects\MyMenu\mymenu1\build\intermediates\pre-dexed\debug\classes-9e6784d9efd65b4675892ca9e4f04d679fa0cf0e.jar D:\WorkProgram\AndroidstudioProjects\MyMenu\mymenu1\build\intermediates\exploded-aar\com.android.support\support-v4\23.1.0\jars\classes.jar
Launcher Type: SUN_STANDARD

Environment Variables:
CLASSPATH=C:\Program Files\Java\jdk1.7.0_79\lib\tools.jar;C:\Program Files\Java\jdk1.7.0_79\lib\dt.jar;C:\Program Files\Java\jdk1.6.0_43\lib\dt.jar;C:\Program Files\Java\jdk1.6.0_43\lib\tools.jar;
PATH=D:\app\toby\product\11.2.0\dbhome_1\bin;C:\WINDOWS\system32;C:\WINDOWS;C:\WINDOWS\System32\Wbem;C:\WINDOWS\System32\WindowsPowerShell\v1.0\;C:\Program Files (x86)\ATI Technologies\ATI.ACE\Core-Static;C:\Program Files\Java\jdk1.7.0_79\bin;C:\Program Files\Java\jdk1.6.0_43\bin;C:\Program Files\MySQL\MySQL Server 5.6\bin;
USERNAME=toby
OS=Windows_NT
PROCESSOR_IDENTIFIER=Intel64 Family 6 Model 58 Stepping 9, GenuineIntel



---------------  S Y S T E M  ---------------

OS: Windows 7 , 64 bit Build 7600 

CPU:total 4 (2 cores per cpu, 2 threads per core) family 6 model 58 stepping 9, cmov, cx8, fxsr, mmx, sse, sse2, sse3, ssse3, sse4.1, sse4.2, popcnt, avx, erms, ht, tsc, tscinvbit, tscinv

Memory: 4k page, physical 4055292k(803552k free), swap 4055292k(8936k free)

vm_info: Java HotSpot(TM) 64-Bit Server VM (24.79-b02) for windows-amd64 JRE (1.7.0_79-b15), built on Apr 10 2015 12:36:16 by "java_re" with unknown MS VC++:1600

time: Fri Nov 13 14:36:41 2015
elapsed time: 20 seconds

