#
# There is insufficient memory for the Java Runtime Environment to continue.
# Native memory allocation (malloc) failed to allocate 557936 bytes for Chunk::new
# Possible reasons:
#   The system is out of physical RAM or swap space
#   In 32 bit mode, the process size limit was hit
# Possible solutions:
#   Reduce memory load on the system
#   Increase physical memory or swap space
#   Check if swap backing store is full
#   Use 64 bit Java on a 64 bit OS
#   Decrease Java heap size (-Xmx/-Xms)
#   Decrease number of Java threads
#   Decrease Java thread stack sizes (-Xss)
#   Set larger code cache with -XX:ReservedCodeCacheSize=
# This output file may be truncated or incomplete.
#
#  Out of Memory Error (allocation.cpp:323), pid=5172, tid=1996
#
# JRE version: Java(TM) SE Runtime Environment (7.0_79-b15) (build 1.7.0_79-b15)
# Java VM: Java HotSpot(TM) 64-Bit Server VM (24.79-b02 mixed mode windows-amd64 compressed oops)
# Failed to write core dump. Minidumps are not enabled by default on client versions of Windows
#

---------------  T H R E A D  ---------------

Current thread (0x000000000a4e1800):  JavaThread "C2 CompilerThread0" daemon [_thread_in_native, id=1996, stack(0x000000000aad0000,0x000000000abd0000)]

Stack: [0x000000000aad0000,0x000000000abd0000]

Current CompileTask:
C2:   3323  175             com.android.dx.ssa.Dominators::run (506 bytes)


---------------  P R O C E S S  ---------------

Java Threads: ( => current thread )
  0x000000000a757000 JavaThread "pool-1-thread-4" [_thread_in_Java, id=3232, stack(0x000000000b2f0000,0x000000000b3f0000)]
  0x000000000a756800 JavaThread "pool-1-thread-3" [_thread_in_Java, id=3416, stack(0x000000000b1f0000,0x000000000b2f0000)]
  0x000000000a79f800 JavaThread "pool-2-thread-1" [_thread_blocked, id=1076, stack(0x000000000aff0000,0x000000000b0f0000)]
  0x000000000a4ee000 JavaThread "Service Thread" daemon [_thread_blocked, id=1124, stack(0x000000000acd0000,0x000000000add0000)]
  0x000000000a4ed000 JavaThread "C2 CompilerThread1" daemon [_thread_in_native, id=4252, stack(0x000000000abd0000,0x000000000acd0000)]
=>0x000000000a4e1800 JavaThread "C2 CompilerThread0" daemon [_thread_in_native, id=1996, stack(0x000000000aad0000,0x000000000abd0000)]
  0x000000000a4de800 JavaThread "Attach Listener" daemon [_thread_blocked, id=7040, stack(0x000000000a9d0000,0x000000000aad0000)]
  0x000000000a4d9000 JavaThread "Signal Dispatcher" daemon [_thread_blocked, id=600, stack(0x000000000a8d0000,0x000000000a9d0000)]
  0x000000000911a000 JavaThread "Finalizer" daemon [_thread_blocked, id=4208, stack(0x000000000a3d0000,0x000000000a4d0000)]
  0x0000000009116800 JavaThread "Reference Handler" daemon [_thread_blocked, id=2648, stack(0x000000000a2d0000,0x000000000a3d0000)]
  0x0000000003235000 JavaThread "main" [_thread_blocked, id=6260, stack(0x00000000030f0000,0x00000000031f0000)]

Other Threads:
  0x0000000009109000 VMThread [stack: 0x000000000a1d0000,0x000000000a2d0000] [id=872]
  0x000000000a4fa000 WatcherThread [stack: 0x000000000add0000,0x000000000aed0000] [id=580]

VM state:not at safepoint (normal execution)

VM Mutex/Monitor currently owned by a thread: None

Heap
 PSYoungGen      total 18944K, used 10072K [0x00000000eaa80000, 0x00000000ebf80000, 0x0000000100000000)
  eden space 16384K, 45% used [0x00000000eaa80000,0x00000000eb1dc200,0x00000000eba80000)
  from space 2560K, 99% used [0x00000000eba80000,0x00000000ebcfa058,0x00000000ebd00000)
  to   space 2560K, 0% used [0x00000000ebd00000,0x00000000ebd00000,0x00000000ebf80000)
 ParOldGen       total 41984K, used 1930K [0x00000000c0000000, 0x00000000c2900000, 0x00000000eaa80000)
  object space 41984K, 4% used [0x00000000c0000000,0x00000000c01e28c0,0x00000000c2900000)
 PSPermGen       total 21504K, used 5797K [0x00000000bae00000, 0x00000000bc300000, 0x00000000c0000000)
  object space 21504K, 26% used [0x00000000bae00000,0x00000000bb3a95e8,0x00000000bc300000)

Card table byte_map: [0x0000000006330000,0x0000000006560000] byte_map_base: 0x0000000005d59000

Polling page: 0x0000000002ff0000

Code Cache  [0x0000000003330000, 0x00000000035a0000, 0x0000000006330000)
 total_blobs=412 nmethods=173 adapters=191 free_code_cache=48437Kb largest_free_block=49571712

Compilation events (10 events):
Event: 3.282 Thread 0x000000000a4e1800 nmethod 170 0x00000000033dab90 code [0x00000000033dacc0, 0x00000000033dad58]
Event: 3.282 Thread 0x000000000a4e1800  171             java.util.TreeMap::getEntry (84 bytes)
Event: 3.286 Thread 0x000000000a4e1800 nmethod 171 0x00000000033da7d0 code [0x00000000033da920, 0x00000000033daa58]
Event: 3.286 Thread 0x000000000a4e1800  172             com.android.dx.rop.code.BasicBlock::getPrimarySuccessor (5 bytes)
Event: 3.286 Thread 0x000000000a4e1800 nmethod 172 0x00000000033da5d0 code [0x00000000033da700, 0x00000000033da758]
Event: 3.286 Thread 0x000000000a4e1800  173             com.android.dx.ssa.SsaBasicBlock::getRopLabel (5 bytes)
Event: 3.286 Thread 0x000000000a4e1800 nmethod 173 0x00000000033da3d0 code [0x00000000033da500, 0x00000000033da558]
Event: 3.286 Thread 0x000000000a4e1800  174             com.android.dx.util.Bits::get (25 bytes)
Event: 3.287 Thread 0x000000000a4e1800 nmethod 174 0x00000000033da150 code [0x00000000033da280, 0x00000000033da318]
Event: 3.287 Thread 0x000000000a4e1800  175             com.android.dx.ssa.Dominators::run (506 bytes)

GC Heap History (2 events):
Event: 2.788 GC heap before
{Heap before GC invocations=1 (full 0):
 PSYoungGen      total 18944K, used 16384K [0x00000000eaa80000, 0x00000000ebf80000, 0x0000000100000000)
  eden space 16384K, 100% used [0x00000000eaa80000,0x00000000eba80000,0x00000000eba80000)
  from space 2560K, 0% used [0x00000000ebd00000,0x00000000ebd00000,0x00000000ebf80000)
  to   space 2560K, 0% used [0x00000000eba80000,0x00000000eba80000,0x00000000ebd00000)
 ParOldGen       total 41984K, used 0K [0x00000000c0000000, 0x00000000c2900000, 0x00000000eaa80000)
  object space 41984K, 0% used [0x00000000c0000000,0x00000000c0000000,0x00000000c2900000)
 PSPermGen       total 21504K, used 5715K [0x00000000bae00000, 0x00000000bc300000, 0x00000000c0000000)
  object space 21504K, 26% used [0x00000000bae00000,0x00000000bb394c10,0x00000000bc300000)
Event: 2.800 GC heap after
Heap after GC invocations=1 (full 0):
 PSYoungGen      total 18944K, used 2536K [0x00000000eaa80000, 0x00000000ebf80000, 0x0000000100000000)
  eden space 16384K, 0% used [0x00000000eaa80000,0x00000000eaa80000,0x00000000eba80000)
  from space 2560K, 99% used [0x00000000eba80000,0x00000000ebcfa058,0x00000000ebd00000)
  to   space 2560K, 0% used [0x00000000ebd00000,0x00000000ebd00000,0x00000000ebf80000)
 ParOldGen       total 41984K, used 1930K [0x00000000c0000000, 0x00000000c2900000, 0x00000000eaa80000)
  object space 41984K, 4% used [0x00000000c0000000,0x00000000c01e28c0,0x00000000c2900000)
 PSPermGen       total 21504K, used 5715K [0x00000000bae00000, 0x00000000bc300000, 0x00000000c0000000)
  object space 21504K, 26% used [0x00000000bae00000,0x00000000bb394c10,0x00000000bc300000)
}

Deoptimization events (2 events):
Event: 2.716 Thread 0x000000000a757000 Uncommon trap: reason=null_check action=make_not_entrant pc=0x00000000033ac0fc method=com.android.dx.rop.code.LocalItem.equals(Ljava/lang/Object;)Z @ 1
Event: 3.301 Thread 0x000000000a756800 Uncommon trap: reason=null_check action=make_not_entrant pc=0x00000000033e70ac method=com.android.dx.rop.code.RegisterSpec.equals(Ljava/lang/Object;)Z @ 1

Internal exceptions (10 events):
Event: 2.335 Thread 0x000000000a756800 Threw 0x00000000eb22e1e0 at C:\re\jdk7u79\2331\hotspot\src\share\vm\prims\jvm.cpp:1304
Event: 2.337 Thread 0x0000000003235000 Threw 0x00000000eb399008 at C:\re\jdk7u79\2331\hotspot\src\share\vm\prims\jvm.cpp:1304
Event: 2.339 Thread 0x0000000003235000 Threw 0x00000000eb39d9c0 at C:\re\jdk7u79\2331\hotspot\src\share\vm\prims\jvm.cpp:1304
Event: 2.420 Thread 0x000000000a79e000 Threw 0x00000000eb43be68 at C:\re\jdk7u79\2331\hotspot\src\share\vm\prims\jvm.cpp:1304
Event: 2.432 Thread 0x000000000a7a2800 Threw 0x00000000eb486458 at C:\re\jdk7u79\2331\hotspot\src\share\vm\prims\jvm.cpp:1304
Event: 2.446 Thread 0x000000000a7a2800 Threw 0x00000000eb4915e8 at C:\re\jdk7u79\2331\hotspot\src\share\vm\prims\jvm.cpp:1304
Event: 2.716 Thread 0x000000000a757000 Implicit null exception at 0x00000000033abdba to 0x00000000033ac0e9
Event: 2.866 Thread 0x000000000a7a2800 Threw 0x00000000eac662d8 at C:\re\jdk7u79\2331\hotspot\src\share\vm\prims\jvm.cpp:1304
Event: 3.017 Thread 0x000000000a756800 Threw 0x00000000ead57638 at C:\re\jdk7u79\2331\hotspot\src\share\vm\prims\jvm.cpp:1304
Event: 3.301 Thread 0x000000000a756800 Implicit null exception at 0x00000000033e62f1 to 0x00000000033e7081

Events (10 events):
Event: 2.800 Executing VM operation: ParallelGCFailedAllocation done
Event: 2.866 loading class 0x000000000a6b4f00
Event: 2.866 loading class 0x000000000a6b4f00 done
Event: 2.937 Thread 0x000000000a7a2800 Thread exited: 0x000000000a7a2800
Event: 3.017 loading class 0x000000000a72e9d0
Event: 3.017 loading class 0x000000000a72e9d0 done
Event: 3.220 Thread 0x000000000a79e000 Thread exited: 0x000000000a79e000
Event: 3.301 Thread 0x000000000a756800 Uncommon trap: trap_request=0xfffffff4 fr.pc=0x00000000033e70ac
Event: 3.301 Thread 0x000000000a756800 DEOPT PACKING pc=0x00000000033e70ac sp=0x000000000b2eedc0
Event: 3.301 Thread 0x000000000a756800 DEOPT UNPACKING pc=0x00000000033675a4 sp=0x000000000b2eecc8 mode 2


Dynamic libraries:
0x00007ff730e90000 - 0x00007ff730ec3000 	C:\Program Files\Java\jdk1.7.0_79\bin\java.exe
0x00007ffd45830000 - 0x00007ffd459f1000 	C:\WINDOWS\SYSTEM32\ntdll.dll
0x00007ffd438c0000 - 0x00007ffd4396d000 	C:\WINDOWS\system32\KERNEL32.DLL
0x00007ffd42400000 - 0x00007ffd425dd000 	C:\WINDOWS\system32\KERNELBASE.dll
0x00007ffd408b0000 - 0x00007ffd40928000 	C:\WINDOWS\system32\apphelp.dll
0x00007ffd30050000 - 0x00007ffd304d2000 	C:\WINDOWS\AppPatch\AppPatch64\AcLayers.DLL
0x00007ffd45750000 - 0x00007ffd457ed000 	C:\WINDOWS\system32\msvcrt.dll
0x00007ffd43f80000 - 0x00007ffd440ce000 	C:\WINDOWS\system32\USER32.dll
0x00007ffd43080000 - 0x00007ffd43206000 	C:\WINDOWS\system32\GDI32.dll
0x00007ffd43340000 - 0x00007ffd43391000 	C:\WINDOWS\system32\SHLWAPI.dll
0x00007ffd43d00000 - 0x00007ffd43f7c000 	C:\WINDOWS\system32\combase.dll
0x00007ffd43210000 - 0x00007ffd43336000 	C:\WINDOWS\system32\RPCRT4.dll
0x0000000000ff0000 - 0x0000000000ff3000 	C:\WINDOWS\SYSTEM32\sfc.dll
0x00007ffd377d0000 - 0x00007ffd37854000 	C:\WINDOWS\SYSTEM32\WINSPOOL.DRV
0x00007ffd42190000 - 0x00007ffd421b8000 	C:\WINDOWS\SYSTEM32\bcrypt.dll
0x00007ffd2f890000 - 0x00007ffd2f8a1000 	C:\WINDOWS\SYSTEM32\sfc_os.DLL
0x00007ffd3ead0000 - 0x00007ffd3eae1000 	C:\WINDOWS\SYSTEM32\SortWindows61.dll
0x00007ffd42f70000 - 0x00007ffd42fa6000 	C:\WINDOWS\system32\IMM32.DLL
0x00007ffd435f0000 - 0x00007ffd4374c000 	C:\WINDOWS\system32\MSCTF.dll
0x00007ffd43540000 - 0x00007ffd435e6000 	C:\WINDOWS\system32\ADVAPI32.dll
0x00007ffd42fb0000 - 0x00007ffd4300b000 	C:\WINDOWS\system32\sechost.dll
0x00007ffd36ff0000 - 0x00007ffd37264000 	C:\WINDOWS\WinSxS\amd64_microsoft.windows.common-controls_6595b64144ccf1df_6.0.10240.16384_none_f41f7b285750ef43\COMCTL32.dll
0x0000000067330000 - 0x0000000067402000 	C:\Program Files\Java\jdk1.7.0_79\jre\bin\msvcr100.dll
0x00000000678a0000 - 0x0000000068075000 	C:\Program Files\Java\jdk1.7.0_79\jre\bin\server\jvm.dll
0x00007ffd45810000 - 0x00007ffd45818000 	C:\WINDOWS\system32\PSAPI.DLL
0x00007ffd40960000 - 0x00007ffd40969000 	C:\WINDOWS\SYSTEM32\WSOCK32.dll
0x00007ffd42f00000 - 0x00007ffd42f69000 	C:\WINDOWS\system32\WS2_32.dll
0x00007ffd43970000 - 0x00007ffd43978000 	C:\WINDOWS\system32\NSI.dll
0x00007ffd40480000 - 0x00007ffd404a3000 	C:\WINDOWS\SYSTEM32\WINMM.dll
0x00007ffd40420000 - 0x00007ffd4044c000 	C:\WINDOWS\SYSTEM32\WINMMBASE.dll
0x00007ffd42300000 - 0x00007ffd42344000 	C:\WINDOWS\system32\cfgmgr32.dll
0x00007ffd40b30000 - 0x00007ffd40b57000 	C:\WINDOWS\SYSTEM32\DEVOBJ.dll
0x00000000677b0000 - 0x00000000677bf000 	C:\Program Files\Java\jdk1.7.0_79\jre\bin\verify.dll
0x0000000067780000 - 0x00000000677a8000 	C:\Program Files\Java\jdk1.7.0_79\jre\bin\java.dll
0x0000000067760000 - 0x0000000067775000 	C:\Program Files\Java\jdk1.7.0_79\jre\bin\zip.dll
0x0000000067740000 - 0x000000006775a000 	C:\Program Files\Java\jdk1.7.0_79\jre\bin\net.dll
0x00007ffd41ad0000 - 0x00007ffd41b2d000 	C:\WINDOWS\system32\mswsock.dll
0x0000000067720000 - 0x0000000067731000 	C:\Program Files\Java\jdk1.7.0_79\jre\bin\nio.dll

VM Arguments:
jvm_args: -Xmx1024M -Dfile.encoding=GBK -Duser.country=CN -Duser.language=zh -Duser.variant 
java_command: com.android.dx.command.Main --dex --num-threads=4 --output D:\WorkProgram\AndroidstudioProjects\MyMenu\mymenu1\build\intermediates\pre-dexed\debug\butterknife-6.0.0-2b3415ac6855df9b0aed8970fc251307ed5a45c5.jar D:\WorkProgram\AndroidstudioProjects\MyMenu\mymenu1\libs\butterknife-6.0.0.jar
Launcher Type: SUN_STANDARD

Environment Variables:
CLASSPATH=C:\Program Files\Java\jdk1.7.0_79\lib\tools.jar;C:\Program Files\Java\jdk1.7.0_79\lib\dt.jar;C:\Program Files\Java\jdk1.6.0_43\lib\dt.jar;C:\Program Files\Java\jdk1.6.0_43\lib\tools.jar;
PATH=D:\app\toby\product\11.2.0\dbhome_1\bin;C:\WINDOWS\system32;C:\WINDOWS;C:\WINDOWS\System32\Wbem;C:\WINDOWS\System32\WindowsPowerShell\v1.0\;C:\Program Files (x86)\ATI Technologies\ATI.ACE\Core-Static;C:\Program Files\Java\jdk1.7.0_79\bin;C:\Program Files\Java\jdk1.6.0_43\bin;C:\Program Files\MySQL\MySQL Server 5.6\bin;
USERNAME=toby
OS=Windows_NT
PROCESSOR_IDENTIFIER=Intel64 Family 6 Model 58 Stepping 9, GenuineIntel



---------------  S Y S T E M  ---------------

OS: Windows 7 , 64 bit Build 7600 

CPU:total 4 (2 cores per cpu, 2 threads per core) family 6 model 58 stepping 9, cmov, cx8, fxsr, mmx, sse, sse2, sse3, ssse3, sse4.1, sse4.2, popcnt, avx, erms, ht, tsc, tscinvbit, tscinv

Memory: 4k page, physical 4055292k(803744k free), swap 4055292k(5300k free)

vm_info: Java HotSpot(TM) 64-Bit Server VM (24.79-b02) for windows-amd64 JRE (1.7.0_79-b15), built on Apr 10 2015 12:36:16 by "java_re" with unknown MS VC++:1600

time: Fri Nov 13 14:49:42 2015
elapsed time: 3 seconds

