#
# There is insufficient memory for the Java Runtime Environment to continue.
# Native memory allocation (malloc) failed to allocate 673296 bytes for Chunk::new
# Possible reasons:
#   The system is out of physical RAM or swap space
#   In 32 bit mode, the process size limit was hit
# Possible solutions:
#   Reduce memory load on the system
#   Increase physical memory or swap space
#   Check if swap backing store is full
#   Use 64 bit Java on a 64 bit OS
#   Decrease Java heap size (-Xmx/-Xms)
#   Decrease number of Java threads
#   Decrease Java thread stack sizes (-Xss)
#   Set larger code cache with -XX:ReservedCodeCacheSize=
# This output file may be truncated or incomplete.
#
#  Out of Memory Error (allocation.cpp:323), pid=5644, tid=568
#
# JRE version: Java(TM) SE Runtime Environment (7.0_79-b15) (build 1.7.0_79-b15)
# Java VM: Java HotSpot(TM) 64-Bit Server VM (24.79-b02 mixed mode windows-amd64 compressed oops)
# Failed to write core dump. Minidumps are not enabled by default on client versions of Windows
#

---------------  T H R E A D  ---------------

Current thread (0x0000000009f55000):  JavaThread "C2 CompilerThread1" daemon [_thread_in_native, id=568, stack(0x000000000a640000,0x000000000a740000)]

Stack: [0x000000000a640000,0x000000000a740000]

Current CompileTask:
C2:   4993  278   !         com.android.dx.cf.code.BytecodeArray::parseInstruction (2764 bytes)


---------------  P R O C E S S  ---------------

Java Threads: ( => current thread )
  0x000000000a973000 JavaThread "pool-1-thread-4" [_thread_in_Java, id=6132, stack(0x000000000b540000,0x000000000b640000)]
  0x000000000a962000 JavaThread "pool-1-thread-3" [_thread_in_Java, id=1236, stack(0x000000000b440000,0x000000000b540000)]
  0x000000000a33e800 JavaThread "pool-1-thread-2" [_thread_in_Java, id=3232, stack(0x000000000b340000,0x000000000b440000)]
  0x000000000a2fc000 JavaThread "pool-2-thread-1" [_thread_blocked, id=3716, stack(0x000000000b240000,0x000000000b340000)]
  0x000000000a2fa800 JavaThread "pool-1-thread-1" [_thread_in_Java, id=3384, stack(0x000000000b140000,0x000000000b240000)]
  0x0000000009f5e000 JavaThread "Service Thread" daemon [_thread_blocked, id=1352, stack(0x000000000a740000,0x000000000a840000)]
=>0x0000000009f55000 JavaThread "C2 CompilerThread1" daemon [_thread_in_native, id=568, stack(0x000000000a640000,0x000000000a740000)]
  0x0000000009f50800 JavaThread "C2 CompilerThread0" daemon [_thread_in_native, id=5868, stack(0x000000000a540000,0x000000000a640000)]
  0x0000000009f4d800 JavaThread "Attach Listener" daemon [_thread_blocked, id=6680, stack(0x000000000a440000,0x000000000a540000)]
  0x0000000008c4e800 JavaThread "Signal Dispatcher" daemon [_thread_blocked, id=3016, stack(0x000000000a340000,0x000000000a440000)]
  0x0000000008bca000 JavaThread "Finalizer" daemon [_thread_blocked, id=5520, stack(0x0000000009e40000,0x0000000009f40000)]
  0x0000000008bc6800 JavaThread "Reference Handler" daemon [_thread_blocked, id=6320, stack(0x0000000009d40000,0x0000000009e40000)]
  0x0000000002c45800 JavaThread "main" [_thread_in_Java, id=5896, stack(0x0000000002b40000,0x0000000002c40000)]

Other Threads:
  0x0000000008bb9800 VMThread [stack: 0x0000000009c40000,0x0000000009d40000] [id=1080]
  0x0000000009f6d800 WatcherThread [stack: 0x000000000a840000,0x000000000a940000] [id=6980]

VM state:not at safepoint (normal execution)

VM Mutex/Monitor currently owned by a thread: None

Heap
 PSYoungGen      total 35328K, used 13142K [0x00000000eaa80000, 0x00000000ecf80000, 0x0000000100000000)
  eden space 32768K, 32% used [0x00000000eaa80000,0x00000000eb4d5db0,0x00000000eca80000)
  from space 2560K, 99% used [0x00000000ecd00000,0x00000000ecf7fa70,0x00000000ecf80000)
  to   space 2560K, 0% used [0x00000000eca80000,0x00000000eca80000,0x00000000ecd00000)
 ParOldGen       total 41984K, used 4043K [0x00000000c0000000, 0x00000000c2900000, 0x00000000eaa80000)
  object space 41984K, 9% used [0x00000000c0000000,0x00000000c03f2fb0,0x00000000c2900000)
 PSPermGen       total 21504K, used 5925K [0x00000000bae00000, 0x00000000bc300000, 0x00000000c0000000)
  object space 21504K, 27% used [0x00000000bae00000,0x00000000bb3c9608,0x00000000bc300000)

Card table byte_map: [0x0000000005e00000,0x0000000006030000] byte_map_base: 0x0000000005829000

Polling page: 0x0000000000cb0000

Code Cache  [0x0000000002d40000, 0x0000000002fb0000, 0x0000000005d40000)
 total_blobs=525 nmethods=286 adapters=191 free_code_cache=48031Kb largest_free_block=49146816

Compilation events (10 events):
Event: 4.898 Thread 0x0000000009f50800 nmethod 283 0x0000000002e55950 code [0x0000000002e55aa0, 0x0000000002e55e38]
Event: 4.898 Thread 0x0000000009f50800  284             com.android.dx.ssa.back.SsaToRop::removePhiFunctions (83 bytes)
Event: 4.929 Thread 0x0000000009f50800 nmethod 284 0x0000000002e42590 code [0x0000000002e427a0, 0x0000000002e42fb0]
Event: 4.929 Thread 0x0000000009f50800  285             com.android.dx.ssa.SsaMethod$2::visitNonMoveInsn (6 bytes)
Event: 4.930 Thread 0x0000000009f50800 nmethod 285 0x0000000002e56310 code [0x0000000002e56460, 0x0000000002e564c8]
Event: 4.930 Thread 0x0000000009f50800  286             com.android.dx.cf.code.Ropper::addExceptionSetupBlocks (203 bytes)
Event: 4.960 Thread 0x0000000009f50800 nmethod 286 0x0000000002e5d590 code [0x0000000002e5d800, 0x0000000002e5e220]
Event: 4.960 Thread 0x0000000009f50800  287             com.android.dx.rop.code.RopMethod::getBlocks (5 bytes)
Event: 4.961 Thread 0x0000000009f50800 nmethod 287 0x0000000002e5d350 code [0x0000000002e5d480, 0x0000000002e5d4d8]
Event: 4.961 Thread 0x0000000009f50800  288             com.android.dx.cf.code.BasicBlocker::getBlockList (208 bytes)

GC Heap History (4 events):
Event: 2.284 GC heap before
{Heap before GC invocations=1 (full 0):
 PSYoungGen      total 18944K, used 16384K [0x00000000eaa80000, 0x00000000ebf80000, 0x0000000100000000)
  eden space 16384K, 100% used [0x00000000eaa80000,0x00000000eba80000,0x00000000eba80000)
  from space 2560K, 0% used [0x00000000ebd00000,0x00000000ebd00000,0x00000000ebf80000)
  to   space 2560K, 0% used [0x00000000eba80000,0x00000000eba80000,0x00000000ebd00000)
 ParOldGen       total 41984K, used 0K [0x00000000c0000000, 0x00000000c2900000, 0x00000000eaa80000)
  object space 41984K, 0% used [0x00000000c0000000,0x00000000c0000000,0x00000000c2900000)
 PSPermGen       total 21504K, used 5656K [0x00000000bae00000, 0x00000000bc300000, 0x00000000c0000000)
  object space 21504K, 26% used [0x00000000bae00000,0x00000000bb386038,0x00000000bc300000)
Event: 2.348 GC heap after
Heap after GC invocations=1 (full 0):
 PSYoungGen      total 18944K, used 2543K [0x00000000eaa80000, 0x00000000ecf80000, 0x0000000100000000)
  eden space 16384K, 0% used [0x00000000eaa80000,0x00000000eaa80000,0x00000000eba80000)
  from space 2560K, 99% used [0x00000000eba80000,0x00000000ebcfbc88,0x00000000ebd00000)
  to   space 2560K, 0% used [0x00000000ecd00000,0x00000000ecd00000,0x00000000ecf80000)
 ParOldGen       total 41984K, used 1459K [0x00000000c0000000, 0x00000000c2900000, 0x00000000eaa80000)
  object space 41984K, 3% used [0x00000000c0000000,0x00000000c016ce38,0x00000000c2900000)
 PSPermGen       total 21504K, used 5656K [0x00000000bae00000, 0x00000000bc300000, 0x00000000c0000000)
  object space 21504K, 26% used [0x00000000bae00000,0x00000000bb386038,0x00000000bc300000)
}
Event: 4.138 GC heap before
{Heap before GC invocations=2 (full 0):
 PSYoungGen      total 18944K, used 18927K [0x00000000eaa80000, 0x00000000ecf80000, 0x0000000100000000)
  eden space 16384K, 100% used [0x00000000eaa80000,0x00000000eba80000,0x00000000eba80000)
  from space 2560K, 99% used [0x00000000eba80000,0x00000000ebcfbc88,0x00000000ebd00000)
  to   space 2560K, 0% used [0x00000000ecd00000,0x00000000ecd00000,0x00000000ecf80000)
 ParOldGen       total 41984K, used 1459K [0x00000000c0000000, 0x00000000c2900000, 0x00000000eaa80000)
  object space 41984K, 3% used [0x00000000c0000000,0x00000000c016ce38,0x00000000c2900000)
 PSPermGen       total 21504K, used 5886K [0x00000000bae00000, 0x00000000bc300000, 0x00000000c0000000)
  object space 21504K, 27% used [0x00000000bae00000,0x00000000bb3bfb20,0x00000000bc300000)
Event: 4.191 GC heap after
Heap after GC invocations=2 (full 0):
 PSYoungGen      total 35328K, used 2558K [0x00000000eaa80000, 0x00000000ecf80000, 0x0000000100000000)
  eden space 32768K, 0% used [0x00000000eaa80000,0x00000000eaa80000,0x00000000eca80000)
  from space 2560K, 99% used [0x00000000ecd00000,0x00000000ecf7fa70,0x00000000ecf80000)
  to   space 2560K, 0% used [0x00000000eca80000,0x00000000eca80000,0x00000000ecd00000)
 ParOldGen       total 41984K, used 4043K [0x00000000c0000000, 0x00000000c2900000, 0x00000000eaa80000)
  object space 41984K, 9% used [0x00000000c0000000,0x00000000c03f2fb0,0x00000000c2900000)
 PSPermGen       total 21504K, used 5886K [0x00000000bae00000, 0x00000000bc300000, 0x00000000c0000000)
  object space 21504K, 27% used [0x00000000bae00000,0x00000000bb3bfb20,0x00000000bc300000)
}

Deoptimization events (7 events):
Event: 2.005 Thread 0x000000000a962000 Uncommon trap: reason=class_check action=maybe_recompile pc=0x0000000002dbb234 method=com.android.dx.ssa.NormalSsaInsn.accept(Lcom/android/dx/ssa/SsaInsn$Visitor;)V @ 9
Event: 2.028 Thread 0x000000000a2fa800 Uncommon trap: reason=class_check action=maybe_recompile pc=0x0000000002dbb234 method=com.android.dx.ssa.NormalSsaInsn.accept(Lcom/android/dx/ssa/SsaInsn$Visitor;)V @ 9
Event: 2.053 Thread 0x000000000a33e800 Uncommon trap: reason=null_check action=make_not_entrant pc=0x0000000002dc2ab0 method=com.android.dx.rop.code.LocalItem.equals(Ljava/lang/Object;)Z @ 1
Event: 3.783 Thread 0x0000000002c45800 Uncommon trap: reason=unreached action=reinterpret pc=0x0000000002dd5d04 method=com.android.dx.rop.cst.Constant.compareTo(Lcom/android/dx/rop/cst/Constant;)I @ 12
Event: 4.002 Thread 0x0000000002c45800 Uncommon trap: reason=null_check action=make_not_entrant pc=0x0000000002e0d6b0 method=com.android.dx.rop.type.Type.putIntern(Lcom/android/dx/rop/type/Type;)Lcom/android/dx/rop/type/Type; @ 18
Event: 4.049 Thread 0x000000000a33e800 Uncommon trap: reason=null_check action=make_not_entrant pc=0x0000000002de9cd0 method=com.android.dx.rop.type.Type.equals(Ljava/lang/Object;)Z @ 8
Event: 4.217 Thread 0x0000000002c45800 Uncommon trap: reason=bimorphic action=maybe_recompile pc=0x0000000002e16c84 method=java.util.HashMap.put(Ljava/lang/Object;Ljava/lang/Object;)Ljava/lang/Object; @ 83

Internal exceptions (10 events):
Event: 2.042 Thread 0x000000000a2fa800 Threw 0x00000000eb9b8c48 at C:\re\jdk7u79\2331\hotspot\src\share\vm\prims\jvm.cpp:1304
Event: 2.044 Thread 0x000000000a2fa800 Threw 0x00000000eb9be5a0 at C:\re\jdk7u79\2331\hotspot\src\share\vm\prims\jvm.cpp:1304
Event: 2.053 Thread 0x000000000a33e800 Implicit null exception at 0x0000000002dc2773 to 0x0000000002dc2a9d
Event: 2.387 Thread 0x000000000a2fa800 Threw 0x00000000eaabcae0 at C:\re\jdk7u79\2331\hotspot\src\share\vm\prims\jvm.cpp:1304
Event: 2.410 Thread 0x000000000a2fa800 Threw 0x00000000eabd0350 at C:\re\jdk7u79\2331\hotspot\src\share\vm\prims\jvm.cpp:1304
Event: 2.889 Thread 0x000000000a2fa800 Threw 0x00000000eaf9d768 at C:\re\jdk7u79\2331\hotspot\src\share\vm\prims\jvm.cpp:1304
Event: 2.943 Thread 0x0000000002c45800 Threw 0x00000000eb02eda8 at C:\re\jdk7u79\2331\hotspot\src\share\vm\prims\jvm.cpp:1304
Event: 4.002 Thread 0x0000000002c45800 Implicit null exception at 0x0000000002e0cfb7 to 0x0000000002e0d6a1
Event: 4.049 Thread 0x000000000a33e800 Implicit null exception at 0x0000000002de9bd2 to 0x0000000002de9cc2
Event: 4.683 Thread 0x000000000a973000 Threw 0x00000000eb332650 at C:\re\jdk7u79\2331\hotspot\src\share\vm\prims\jvm.cpp:1304

Events (10 events):
Event: 4.217 Thread 0x0000000002c45800 DEOPT PACKING pc=0x0000000002e16c84 sp=0x0000000002c3e240
Event: 4.217 Thread 0x0000000002c45800 DEOPT UNPACKING pc=0x0000000002d775a4 sp=0x0000000002c3e1e8 mode 2
Event: 4.275 Executing VM operation: EnableBiasedLocking
Event: 4.289 Executing VM operation: EnableBiasedLocking done
Event: 4.683 loading class 0x000000000a95b4d0
Event: 4.683 loading class 0x000000000a95b4d0 done
Event: 4.685 loading class 0x0000000002cca330
Event: 4.686 loading class 0x0000000002cca330 done
Event: 4.686 loading class 0x0000000002cca300
Event: 4.686 loading class 0x0000000002cca300 done


Dynamic libraries:
0x00007ff730e90000 - 0x00007ff730ec3000 	C:\Program Files\Java\jdk1.7.0_79\bin\java.exe
0x00007ffd45830000 - 0x00007ffd459f1000 	C:\WINDOWS\SYSTEM32\ntdll.dll
0x00007ffd438c0000 - 0x00007ffd4396d000 	C:\WINDOWS\system32\KERNEL32.DLL
0x00007ffd42400000 - 0x00007ffd425dd000 	C:\WINDOWS\system32\KERNELBASE.dll
0x00007ffd408b0000 - 0x00007ffd40928000 	C:\WINDOWS\system32\apphelp.dll
0x00007ffd30050000 - 0x00007ffd304d2000 	C:\WINDOWS\AppPatch\AppPatch64\AcLayers.DLL
0x00007ffd45750000 - 0x00007ffd457ed000 	C:\WINDOWS\system32\msvcrt.dll
0x00007ffd43f80000 - 0x00007ffd440ce000 	C:\WINDOWS\system32\USER32.dll
0x00007ffd43080000 - 0x00007ffd43206000 	C:\WINDOWS\system32\GDI32.dll
0x00007ffd43340000 - 0x00007ffd43391000 	C:\WINDOWS\system32\SHLWAPI.dll
0x00007ffd43d00000 - 0x00007ffd43f7c000 	C:\WINDOWS\system32\combase.dll
0x00007ffd43210000 - 0x00007ffd43336000 	C:\WINDOWS\system32\RPCRT4.dll
0x00000000009b0000 - 0x00000000009b3000 	C:\WINDOWS\SYSTEM32\sfc.dll
0x00007ffd377d0000 - 0x00007ffd37854000 	C:\WINDOWS\SYSTEM32\WINSPOOL.DRV
0x00007ffd42190000 - 0x00007ffd421b8000 	C:\WINDOWS\SYSTEM32\bcrypt.dll
0x00007ffd2f890000 - 0x00007ffd2f8a1000 	C:\WINDOWS\SYSTEM32\sfc_os.DLL
0x00007ffd3ead0000 - 0x00007ffd3eae1000 	C:\WINDOWS\SYSTEM32\SortWindows61.dll
0x00007ffd42f70000 - 0x00007ffd42fa6000 	C:\WINDOWS\system32\IMM32.DLL
0x00007ffd435f0000 - 0x00007ffd4374c000 	C:\WINDOWS\system32\MSCTF.dll
0x00007ffd43540000 - 0x00007ffd435e6000 	C:\WINDOWS\system32\ADVAPI32.dll
0x00007ffd42fb0000 - 0x00007ffd4300b000 	C:\WINDOWS\system32\sechost.dll
0x00007ffd36ff0000 - 0x00007ffd37264000 	C:\WINDOWS\WinSxS\amd64_microsoft.windows.common-controls_6595b64144ccf1df_6.0.10240.16384_none_f41f7b285750ef43\COMCTL32.dll
0x0000000067330000 - 0x0000000067402000 	C:\Program Files\Java\jdk1.7.0_79\jre\bin\msvcr100.dll
0x00000000678a0000 - 0x0000000068075000 	C:\Program Files\Java\jdk1.7.0_79\jre\bin\server\jvm.dll
0x00007ffd45810000 - 0x00007ffd45818000 	C:\WINDOWS\system32\PSAPI.DLL
0x00007ffd40960000 - 0x00007ffd40969000 	C:\WINDOWS\SYSTEM32\WSOCK32.dll
0x00007ffd42f00000 - 0x00007ffd42f69000 	C:\WINDOWS\system32\WS2_32.dll
0x00007ffd43970000 - 0x00007ffd43978000 	C:\WINDOWS\system32\NSI.dll
0x00007ffd40480000 - 0x00007ffd404a3000 	C:\WINDOWS\SYSTEM32\WINMM.dll
0x00007ffd40420000 - 0x00007ffd4044c000 	C:\WINDOWS\SYSTEM32\WINMMBASE.dll
0x00007ffd42300000 - 0x00007ffd42344000 	C:\WINDOWS\system32\cfgmgr32.dll
0x00007ffd40b30000 - 0x00007ffd40b57000 	C:\WINDOWS\SYSTEM32\DEVOBJ.dll
0x00000000677b0000 - 0x00000000677bf000 	C:\Program Files\Java\jdk1.7.0_79\jre\bin\verify.dll
0x0000000067780000 - 0x00000000677a8000 	C:\Program Files\Java\jdk1.7.0_79\jre\bin\java.dll
0x0000000067760000 - 0x0000000067775000 	C:\Program Files\Java\jdk1.7.0_79\jre\bin\zip.dll
0x0000000067740000 - 0x000000006775a000 	C:\Program Files\Java\jdk1.7.0_79\jre\bin\net.dll
0x00007ffd41ad0000 - 0x00007ffd41b2d000 	C:\WINDOWS\system32\mswsock.dll
0x0000000067720000 - 0x0000000067731000 	C:\Program Files\Java\jdk1.7.0_79\jre\bin\nio.dll

VM Arguments:
jvm_args: -Xmx1024M -Dfile.encoding=GBK -Duser.country=CN -Duser.language=zh -Duser.variant 
java_command: com.android.dx.command.Main --dex --num-threads=4 --output D:\WorkProgram\AndroidstudioProjects\MyMenu\mymenu1\build\intermediates\pre-dexed\debug\classes-1b1de6123da91c9a842d30170737b82c36d1d103.jar D:\WorkProgram\AndroidstudioProjects\MyMenu\mymenu1\build\intermediates\exploded-aar\com.android.support\design\23.1.0\jars\classes.jar
Launcher Type: SUN_STANDARD

Environment Variables:
CLASSPATH=C:\Program Files\Java\jdk1.7.0_79\lib\tools.jar;C:\Program Files\Java\jdk1.7.0_79\lib\dt.jar;C:\Program Files\Java\jdk1.6.0_43\lib\dt.jar;C:\Program Files\Java\jdk1.6.0_43\lib\tools.jar;
PATH=D:\app\toby\product\11.2.0\dbhome_1\bin;C:\WINDOWS\system32;C:\WINDOWS;C:\WINDOWS\System32\Wbem;C:\WINDOWS\System32\WindowsPowerShell\v1.0\;C:\Program Files (x86)\ATI Technologies\ATI.ACE\Core-Static;C:\Program Files\Java\jdk1.7.0_79\bin;C:\Program Files\Java\jdk1.6.0_43\bin;C:\Program Files\MySQL\MySQL Server 5.6\bin;
USERNAME=toby
OS=Windows_NT
PROCESSOR_IDENTIFIER=Intel64 Family 6 Model 58 Stepping 9, GenuineIntel



---------------  S Y S T E M  ---------------

OS: Windows 7 , 64 bit Build 7600 

CPU:total 4 (2 cores per cpu, 2 threads per core) family 6 model 58 stepping 9, cmov, cx8, fxsr, mmx, sse, sse2, sse3, ssse3, sse4.1, sse4.2, popcnt, avx, erms, ht, tsc, tscinvbit, tscinv

Memory: 4k page, physical 4055292k(709484k free), swap 4055292k(9436k free)

vm_info: Java HotSpot(TM) 64-Bit Server VM (24.79-b02) for windows-amd64 JRE (1.7.0_79-b15), built on Apr 10 2015 12:36:16 by "java_re" with unknown MS VC++:1600

time: Fri Nov 13 14:53:20 2015
elapsed time: 4 seconds

