#
# There is insufficient memory for the Java Runtime Environment to continue.
# Native memory allocation (malloc) failed to allocate 524656 bytes for Chunk::new
# Possible reasons:
#   The system is out of physical RAM or swap space
#   In 32 bit mode, the process size limit was hit
# Possible solutions:
#   Reduce memory load on the system
#   Increase physical memory or swap space
#   Check if swap backing store is full
#   Use 64 bit Java on a 64 bit OS
#   Decrease Java heap size (-Xmx/-Xms)
#   Decrease number of Java threads
#   Decrease Java thread stack sizes (-Xss)
#   Set larger code cache with -XX:ReservedCodeCacheSize=
# This output file may be truncated or incomplete.
#
#  Out of Memory Error (allocation.cpp:323), pid=3688, tid=872
#
# JRE version: Java(TM) SE Runtime Environment (7.0_79-b15) (build 1.7.0_79-b15)
# Java VM: Java HotSpot(TM) 64-Bit Server VM (24.79-b02 mixed mode windows-amd64 compressed oops)
# Failed to write core dump. Minidumps are not enabled by default on client versions of Windows
#

---------------  T H R E A D  ---------------

Current thread (0x0000000009a34000):  JavaThread "C2 CompilerThread1" daemon [_thread_in_native, id=872, stack(0x000000000a120000,0x000000000a220000)]

Stack: [0x000000000a120000,0x000000000a220000]

Current CompileTask:
C2:   6026  348             com.android.dx.ssa.DeadCodeRemover::run (194 bytes)


---------------  P R O C E S S  ---------------

Java Threads: ( => current thread )
  0x000000000a44e800 JavaThread "pool-1-thread-4" [_thread_in_Java, id=3896, stack(0x000000000b020000,0x000000000b120000)]
  0x000000000a44b800 JavaThread "pool-1-thread-3" [_thread_in_Java, id=4872, stack(0x000000000af20000,0x000000000b020000)]
  0x000000000a44a000 JavaThread "pool-1-thread-2" [_thread_in_Java, id=4324, stack(0x000000000ae20000,0x000000000af20000)]
  0x0000000009dc7800 JavaThread "pool-2-thread-1" [_thread_blocked, id=3236, stack(0x000000000ad20000,0x000000000ae20000)]
  0x0000000009dc6000 JavaThread "pool-1-thread-1" [_thread_in_Java, id=4708, stack(0x000000000ac20000,0x000000000ad20000)]
  0x0000000009a41800 JavaThread "Service Thread" daemon [_thread_blocked, id=3508, stack(0x000000000a220000,0x000000000a320000)]
=>0x0000000009a34000 JavaThread "C2 CompilerThread1" daemon [_thread_in_native, id=872, stack(0x000000000a120000,0x000000000a220000)]
  0x0000000009a30800 JavaThread "C2 CompilerThread0" daemon [_thread_in_native, id=6736, stack(0x000000000a020000,0x000000000a120000)]
  0x0000000009a2d800 JavaThread "Attach Listener" daemon [_thread_blocked, id=4824, stack(0x0000000009f20000,0x000000000a020000)]
  0x000000000872e800 JavaThread "Signal Dispatcher" daemon [_thread_blocked, id=4396, stack(0x0000000009e20000,0x0000000009f20000)]
  0x00000000086aa000 JavaThread "Finalizer" daemon [_thread_blocked, id=2800, stack(0x0000000009920000,0x0000000009a20000)]
  0x00000000086a6800 JavaThread "Reference Handler" daemon [_thread_blocked, id=5164, stack(0x0000000009820000,0x0000000009920000)]
  0x00000000027e5800 JavaThread "main" [_thread_in_Java, id=6000, stack(0x00000000026e0000,0x00000000027e0000)]

Other Threads:
  0x0000000008699800 VMThread [stack: 0x0000000009720000,0x0000000009820000] [id=6084]
  0x0000000009a4d800 WatcherThread [stack: 0x000000000a320000,0x000000000a420000] [id=2020]

VM state:not at safepoint (normal execution)

VM Mutex/Monitor currently owned by a thread: None

Heap
 PSYoungGen      total 35328K, used 11982K [0x00000000eaa80000, 0x00000000eef80000, 0x0000000100000000)
  eden space 32768K, 28% used [0x00000000eaa80000,0x00000000eb3b7a30,0x00000000eca80000)
  from space 2560K, 99% used [0x00000000eca80000,0x00000000eccfbf30,0x00000000ecd00000)
  to   space 2560K, 0% used [0x00000000eed00000,0x00000000eed00000,0x00000000eef80000)
 ParOldGen       total 41984K, used 8302K [0x00000000c0000000, 0x00000000c2900000, 0x00000000eaa80000)
  object space 41984K, 19% used [0x00000000c0000000,0x00000000c081b9e8,0x00000000c2900000)
 PSPermGen       total 21504K, used 5977K [0x00000000bae00000, 0x00000000bc300000, 0x00000000c0000000)
  object space 21504K, 27% used [0x00000000bae00000,0x00000000bb3d6658,0x00000000bc300000)

Card table byte_map: [0x00000000058e0000,0x0000000005b10000] byte_map_base: 0x0000000005309000

Polling page: 0x0000000002560000

Code Cache  [0x00000000028e0000, 0x0000000002b50000, 0x00000000058e0000)
 total_blobs=599 nmethods=359 adapters=191 free_code_cache=47715Kb largest_free_block=48827264

Compilation events (10 events):
Event: 5.767 Thread 0x0000000009a30800 nmethod 357 0x0000000002a26490 code [0x0000000002a265e0, 0x0000000002a26718]
Event: 5.767 Thread 0x0000000009a30800  358             com.android.dx.cf.code.BaseMachine::popArgs (62 bytes)
Event: 5.780 Thread 0x0000000009a30800 nmethod 358 0x0000000002a39190 code [0x0000000002a39300, 0x0000000002a39808]
Event: 5.780 Thread 0x0000000009a30800  359   !         com.android.dx.cf.cst.ConstantPoolParser::parse0 (731 bytes)
Event: 5.919 Thread 0x0000000009a30800 nmethod 359 0x0000000002a473d0 code [0x0000000002a47920, 0x0000000002a49ef0]
Event: 5.920 Thread 0x0000000009a30800  360             com.android.dx.ssa.back.InterferenceGraph::ensureCapacity (42 bytes)
Event: 5.929 Thread 0x0000000009a30800 nmethod 360 0x0000000002a38950 code [0x0000000002a38ac0, 0x0000000002a38e88]
Event: 5.929 Thread 0x0000000009a30800  361             com.android.dx.ssa.SsaMethod::makeExitBlock (134 bytes)
Event: 6.001 Thread 0x0000000009a30800 nmethod 361 0x0000000002a4cb50 code [0x0000000002a4cda0, 0x0000000002a4e000]
Event: 6.001 Thread 0x0000000009a30800  362             com.android.dx.ssa.back.InterferenceGraph::add (46 bytes)

GC Heap History (6 events):
Event: 1.624 GC heap before
{Heap before GC invocations=1 (full 0):
 PSYoungGen      total 18944K, used 16384K [0x00000000eaa80000, 0x00000000ebf80000, 0x0000000100000000)
  eden space 16384K, 100% used [0x00000000eaa80000,0x00000000eba80000,0x00000000eba80000)
  from space 2560K, 0% used [0x00000000ebd00000,0x00000000ebd00000,0x00000000ebf80000)
  to   space 2560K, 0% used [0x00000000eba80000,0x00000000eba80000,0x00000000ebd00000)
 ParOldGen       total 41984K, used 0K [0x00000000c0000000, 0x00000000c2900000, 0x00000000eaa80000)
  object space 41984K, 0% used [0x00000000c0000000,0x00000000c0000000,0x00000000c2900000)
 PSPermGen       total 21504K, used 5627K [0x00000000bae00000, 0x00000000bc300000, 0x00000000c0000000)
  object space 21504K, 26% used [0x00000000bae00000,0x00000000bb37ec40,0x00000000bc300000)
Event: 1.672 GC heap after
Heap after GC invocations=1 (full 0):
 PSYoungGen      total 18944K, used 2546K [0x00000000eaa80000, 0x00000000ecf80000, 0x0000000100000000)
  eden space 16384K, 0% used [0x00000000eaa80000,0x00000000eaa80000,0x00000000eba80000)
  from space 2560K, 99% used [0x00000000eba80000,0x00000000ebcfcac8,0x00000000ebd00000)
  to   space 2560K, 0% used [0x00000000ecd00000,0x00000000ecd00000,0x00000000ecf80000)
 ParOldGen       total 41984K, used 1026K [0x00000000c0000000, 0x00000000c2900000, 0x00000000eaa80000)
  object space 41984K, 2% used [0x00000000c0000000,0x00000000c01009a0,0x00000000c2900000)
 PSPermGen       total 21504K, used 5627K [0x00000000bae00000, 0x00000000bc300000, 0x00000000c0000000)
  object space 21504K, 26% used [0x00000000bae00000,0x00000000bb37ec40,0x00000000bc300000)
}
Event: 3.429 GC heap before
{Heap before GC invocations=2 (full 0):
 PSYoungGen      total 18944K, used 18930K [0x00000000eaa80000, 0x00000000ecf80000, 0x0000000100000000)
  eden space 16384K, 100% used [0x00000000eaa80000,0x00000000eba80000,0x00000000eba80000)
  from space 2560K, 99% used [0x00000000eba80000,0x00000000ebcfcac8,0x00000000ebd00000)
  to   space 2560K, 0% used [0x00000000ecd00000,0x00000000ecd00000,0x00000000ecf80000)
 ParOldGen       total 41984K, used 1026K [0x00000000c0000000, 0x00000000c2900000, 0x00000000eaa80000)
  object space 41984K, 2% used [0x00000000c0000000,0x00000000c01009a0,0x00000000c2900000)
 PSPermGen       total 21504K, used 5862K [0x00000000bae00000, 0x00000000bc300000, 0x00000000c0000000)
  object space 21504K, 27% used [0x00000000bae00000,0x00000000bb3b98f8,0x00000000bc300000)
Event: 3.500 GC heap after
Heap after GC invocations=2 (full 0):
 PSYoungGen      total 35328K, used 2559K [0x00000000eaa80000, 0x00000000ecf80000, 0x0000000100000000)
  eden space 32768K, 0% used [0x00000000eaa80000,0x00000000eaa80000,0x00000000eca80000)
  from space 2560K, 99% used [0x00000000ecd00000,0x00000000ecf7ff78,0x00000000ecf80000)
  to   space 2560K, 0% used [0x00000000eca80000,0x00000000eca80000,0x00000000ecd00000)
 ParOldGen       total 41984K, used 3057K [0x00000000c0000000, 0x00000000c2900000, 0x00000000eaa80000)
  object space 41984K, 7% used [0x00000000c0000000,0x00000000c02fc6e8,0x00000000c2900000)
 PSPermGen       total 21504K, used 5862K [0x00000000bae00000, 0x00000000bc300000, 0x00000000c0000000)
  object space 21504K, 27% used [0x00000000bae00000,0x00000000bb3b98f8,0x00000000bc300000)
}
Event: 5.878 GC heap before
{Heap before GC invocations=3 (full 0):
 PSYoungGen      total 35328K, used 35327K [0x00000000eaa80000, 0x00000000ecf80000, 0x0000000100000000)
  eden space 32768K, 100% used [0x00000000eaa80000,0x00000000eca80000,0x00000000eca80000)
  from space 2560K, 99% used [0x00000000ecd00000,0x00000000ecf7ff78,0x00000000ecf80000)
  to   space 2560K, 0% used [0x00000000eca80000,0x00000000eca80000,0x00000000ecd00000)
 ParOldGen       total 41984K, used 3057K [0x00000000c0000000, 0x00000000c2900000, 0x00000000eaa80000)
  object space 41984K, 7% used [0x00000000c0000000,0x00000000c02fc6e8,0x00000000c2900000)
 PSPermGen       total 21504K, used 5966K [0x00000000bae00000, 0x00000000bc300000, 0x00000000c0000000)
  object space 21504K, 27% used [0x00000000bae00000,0x00000000bb3d3808,0x00000000bc300000)
Event: 5.901 GC heap after
Heap after GC invocations=3 (full 0):
 PSYoungGen      total 35328K, used 2543K [0x00000000eaa80000, 0x00000000eef80000, 0x0000000100000000)
  eden space 32768K, 0% used [0x00000000eaa80000,0x00000000eaa80000,0x00000000eca80000)
  from space 2560K, 99% used [0x00000000eca80000,0x00000000eccfbf30,0x00000000ecd00000)
  to   space 2560K, 0% used [0x00000000eed00000,0x00000000eed00000,0x00000000eef80000)
 ParOldGen       total 41984K, used 8302K [0x00000000c0000000, 0x00000000c2900000, 0x00000000eaa80000)
  object space 41984K, 19% used [0x00000000c0000000,0x00000000c081b9e8,0x00000000c2900000)
 PSPermGen       total 21504K, used 5966K [0x00000000bae00000, 0x00000000bc300000, 0x00000000c0000000)
  object space 21504K, 27% used [0x00000000bae00000,0x00000000bb3d3808,0x00000000bc300000)
}

Deoptimization events (10 events):
Event: 5.124 Thread 0x00000000027e5800 Uncommon trap: reason=unreached action=reinterpret pc=0x00000000029c413c method=com.android.dx.rop.code.LocalVariableExtractor.processBlock(I)V @ 195
Event: 5.493 Thread 0x0000000009dc6000 Uncommon trap: reason=null_check action=make_not_entrant pc=0x0000000002a206a8 method=com.android.dx.ssa.SsaRenamer.getLocalForNewReg(I)Lcom/android/dx/rop/code/LocalItem; @ 19
Event: 5.651 Thread 0x000000000a44b800 Uncommon trap: reason=uninitialized action=reinterpret pc=0x0000000002a0abfc method=com.android.dx.cf.code.BytecodeArray.parseInstruction(ILcom/android/dx/cf/code/BytecodeArray$Visitor;)I @ 1095
Event: 5.659 Thread 0x000000000a44b800 Uncommon trap: reason=bimorphic action=maybe_recompile pc=0x00000000029b9c90 method=java.util.HashMap.put(Ljava/lang/Object;Ljava/lang/Object;)Ljava/lang/Object; @ 83
Event: 5.689 Thread 0x000000000a44a000 Uncommon trap: reason=bimorphic action=maybe_recompile pc=0x00000000029b9c90 method=java.util.HashMap.put(Ljava/lang/Object;Ljava/lang/Object;)Ljava/lang/Object; @ 83
Event: 5.689 Thread 0x000000000a44a000 Uncommon trap: reason=bimorphic action=maybe_recompile pc=0x00000000029b9c90 method=java.util.HashMap.put(Ljava/lang/Object;Ljava/lang/Object;)Ljava/lang/Object; @ 83
Event: 5.772 Thread 0x000000000a44b800 Uncommon trap: reason=bimorphic action=maybe_recompile pc=0x00000000029b9c90 method=java.util.HashMap.put(Ljava/lang/Object;Ljava/lang/Object;)Ljava/lang/Object; @ 83
Event: 5.909 Thread 0x0000000009dc6000 Uncommon trap: reason=bimorphic action=maybe_recompile pc=0x0000000002a2e8fc method=com.android.dx.ssa.LiteralOpUpgrader.tryReplacingWithConstant(Lcom/android/dx/ssa/NormalSsaInsn;)Z @ 52
Event: 5.927 Thread 0x000000000a44b800 Uncommon trap: reason=unreached action=reinterpret pc=0x00000000029bb890 method=com.android.dx.ssa.SCCP.simulateBranch(Lcom/android/dx/ssa/SsaInsn;)V @ 132
Event: 5.940 Thread 0x000000000a44b800 Uncommon trap: reason=bimorphic action=maybe_recompile pc=0x0000000002a2e8fc method=com.android.dx.ssa.LiteralOpUpgrader.tryReplacingWithConstant(Lcom/android/dx/ssa/NormalSsaInsn;)Z @ 52

Internal exceptions (10 events):
Event: 1.505 Thread 0x00000000027e5800 Threw 0x00000000eb6abba0 at C:\re\jdk7u79\2331\hotspot\src\share\vm\prims\jvm.cpp:1304
Event: 1.601 Thread 0x000000000a44a000 Threw 0x00000000eb92c190 at C:\re\jdk7u79\2331\hotspot\src\share\vm\prims\jvm.cpp:1304
Event: 1.679 Thread 0x000000000a44b800 Threw 0x00000000eab9c8e8 at C:\re\jdk7u79\2331\hotspot\src\share\vm\prims\jvm.cpp:1304
Event: 1.821 Thread 0x000000000a44b800 Threw 0x00000000eac30a28 at C:\re\jdk7u79\2331\hotspot\src\share\vm\prims\jvm.cpp:1304
Event: 1.995 Thread 0x000000000a44a000 Implicit null exception at 0x0000000002962f58 to 0x00000000029632b9
Event: 2.268 Thread 0x000000000a44a000 Threw 0x00000000eb1b3858 at C:\re\jdk7u79\2331\hotspot\src\share\vm\prims\jvm.cpp:1304
Event: 2.405 Thread 0x000000000a44e800 Threw 0x00000000eb2c30d8 at C:\re\jdk7u79\2331\hotspot\src\share\vm\prims\jvm.cpp:1304
Event: 3.217 Thread 0x00000000027e5800 Implicit null exception at 0x0000000002997237 to 0x0000000002997915
Event: 5.493 Thread 0x0000000009dc6000 Implicit null exception at 0x0000000002a1f12e to 0x0000000002a20671
Event: 5.705 Thread 0x00000000027e5800 Threw 0x00000000ec5357a8 at C:\re\jdk7u79\2331\hotspot\src\share\vm\prims\jvm.cpp:1304

Events (10 events):
Event: 5.901 Executing VM operation: ParallelGCFailedAllocation done
Event: 5.909 Thread 0x0000000009dc6000 Uncommon trap: trap_request=0xffffffc6 fr.pc=0x0000000002a2e8fc
Event: 5.909 Thread 0x0000000009dc6000 DEOPT PACKING pc=0x0000000002a2e8fc sp=0x000000000ad1ec10
Event: 5.909 Thread 0x0000000009dc6000 DEOPT UNPACKING pc=0x00000000029175a4 sp=0x000000000ad1ead8 mode 2
Event: 5.927 Thread 0x000000000a44b800 Uncommon trap: trap_request=0xffffffad fr.pc=0x00000000029bb890
Event: 5.927 Thread 0x000000000a44b800 DEOPT PACKING pc=0x00000000029bb890 sp=0x000000000b01e960
Event: 5.927 Thread 0x000000000a44b800 DEOPT UNPACKING pc=0x00000000029175a4 sp=0x000000000b01e8e8 mode 2
Event: 5.940 Thread 0x000000000a44b800 Uncommon trap: trap_request=0xffffffc6 fr.pc=0x0000000002a2e8fc
Event: 5.940 Thread 0x000000000a44b800 DEOPT PACKING pc=0x0000000002a2e8fc sp=0x000000000b01e930
Event: 5.940 Thread 0x000000000a44b800 DEOPT UNPACKING pc=0x00000000029175a4 sp=0x000000000b01e7f8 mode 2


Dynamic libraries:
0x00007ff730e90000 - 0x00007ff730ec3000 	C:\Program Files\Java\jdk1.7.0_79\bin\java.exe
0x00007ffd45830000 - 0x00007ffd459f1000 	C:\WINDOWS\SYSTEM32\ntdll.dll
0x00007ffd438c0000 - 0x00007ffd4396d000 	C:\WINDOWS\system32\KERNEL32.DLL
0x00007ffd42400000 - 0x00007ffd425dd000 	C:\WINDOWS\system32\KERNELBASE.dll
0x00007ffd408b0000 - 0x00007ffd40928000 	C:\WINDOWS\system32\apphelp.dll
0x00007ffd30050000 - 0x00007ffd304d2000 	C:\WINDOWS\AppPatch\AppPatch64\AcLayers.DLL
0x00007ffd45750000 - 0x00007ffd457ed000 	C:\WINDOWS\system32\msvcrt.dll
0x00007ffd43f80000 - 0x00007ffd440ce000 	C:\WINDOWS\system32\USER32.dll
0x00007ffd43080000 - 0x00007ffd43206000 	C:\WINDOWS\system32\GDI32.dll
0x00007ffd43340000 - 0x00007ffd43391000 	C:\WINDOWS\system32\SHLWAPI.dll
0x00007ffd43d00000 - 0x00007ffd43f7c000 	C:\WINDOWS\system32\combase.dll
0x00007ffd43210000 - 0x00007ffd43336000 	C:\WINDOWS\system32\RPCRT4.dll
0x0000000000560000 - 0x0000000000563000 	C:\WINDOWS\SYSTEM32\sfc.dll
0x00007ffd377d0000 - 0x00007ffd37854000 	C:\WINDOWS\SYSTEM32\WINSPOOL.DRV
0x00007ffd42190000 - 0x00007ffd421b8000 	C:\WINDOWS\SYSTEM32\bcrypt.dll
0x00007ffd2f890000 - 0x00007ffd2f8a1000 	C:\WINDOWS\SYSTEM32\sfc_os.DLL
0x00007ffd3ead0000 - 0x00007ffd3eae1000 	C:\WINDOWS\SYSTEM32\SortWindows61.dll
0x00007ffd42f70000 - 0x00007ffd42fa6000 	C:\WINDOWS\system32\IMM32.DLL
0x00007ffd435f0000 - 0x00007ffd4374c000 	C:\WINDOWS\system32\MSCTF.dll
0x00007ffd43540000 - 0x00007ffd435e6000 	C:\WINDOWS\system32\ADVAPI32.dll
0x00007ffd42fb0000 - 0x00007ffd4300b000 	C:\WINDOWS\system32\sechost.dll
0x00007ffd36ff0000 - 0x00007ffd37264000 	C:\WINDOWS\WinSxS\amd64_microsoft.windows.common-controls_6595b64144ccf1df_6.0.10240.16384_none_f41f7b285750ef43\COMCTL32.dll
0x0000000067330000 - 0x0000000067402000 	C:\Program Files\Java\jdk1.7.0_79\jre\bin\msvcr100.dll
0x00000000678a0000 - 0x0000000068075000 	C:\Program Files\Java\jdk1.7.0_79\jre\bin\server\jvm.dll
0x00007ffd45810000 - 0x00007ffd45818000 	C:\WINDOWS\system32\PSAPI.DLL
0x00007ffd40960000 - 0x00007ffd40969000 	C:\WINDOWS\SYSTEM32\WSOCK32.dll
0x00007ffd42f00000 - 0x00007ffd42f69000 	C:\WINDOWS\system32\WS2_32.dll
0x00007ffd43970000 - 0x00007ffd43978000 	C:\WINDOWS\system32\NSI.dll
0x00007ffd40480000 - 0x00007ffd404a3000 	C:\WINDOWS\SYSTEM32\WINMM.dll
0x00007ffd40420000 - 0x00007ffd4044c000 	C:\WINDOWS\SYSTEM32\WINMMBASE.dll
0x00007ffd42300000 - 0x00007ffd42344000 	C:\WINDOWS\system32\cfgmgr32.dll
0x00007ffd40b30000 - 0x00007ffd40b57000 	C:\WINDOWS\SYSTEM32\DEVOBJ.dll
0x00000000677b0000 - 0x00000000677bf000 	C:\Program Files\Java\jdk1.7.0_79\jre\bin\verify.dll
0x0000000067780000 - 0x00000000677a8000 	C:\Program Files\Java\jdk1.7.0_79\jre\bin\java.dll
0x0000000067760000 - 0x0000000067775000 	C:\Program Files\Java\jdk1.7.0_79\jre\bin\zip.dll
0x0000000067740000 - 0x000000006775a000 	C:\Program Files\Java\jdk1.7.0_79\jre\bin\net.dll
0x00007ffd41ad0000 - 0x00007ffd41b2d000 	C:\WINDOWS\system32\mswsock.dll
0x0000000067720000 - 0x0000000067731000 	C:\Program Files\Java\jdk1.7.0_79\jre\bin\nio.dll

VM Arguments:
jvm_args: -Xmx1024M -Dfile.encoding=GBK -Duser.country=CN -Duser.language=zh -Duser.variant 
java_command: com.android.dx.command.Main --dex --num-threads=4 --output D:\WorkProgram\AndroidstudioProjects\MyMenu\mymenu1\build\intermediates\pre-dexed\debug\classes-a46e5e5693e530a12762dacb5b4dcdb54ac8270d.jar D:\WorkProgram\AndroidstudioProjects\MyMenu\mymenu1\build\intermediates\exploded-aar\com.android.support\appcompat-v7\23.1.0\jars\classes.jar
Launcher Type: SUN_STANDARD

Environment Variables:
CLASSPATH=C:\Program Files\Java\jdk1.7.0_79\lib\tools.jar;C:\Program Files\Java\jdk1.7.0_79\lib\dt.jar;C:\Program Files\Java\jdk1.6.0_43\lib\dt.jar;C:\Program Files\Java\jdk1.6.0_43\lib\tools.jar;
PATH=D:\app\toby\product\11.2.0\dbhome_1\bin;C:\WINDOWS\system32;C:\WINDOWS;C:\WINDOWS\System32\Wbem;C:\WINDOWS\System32\WindowsPowerShell\v1.0\;C:\Program Files (x86)\ATI Technologies\ATI.ACE\Core-Static;C:\Program Files\Java\jdk1.7.0_79\bin;C:\Program Files\Java\jdk1.6.0_43\bin;C:\Program Files\MySQL\MySQL Server 5.6\bin;
USERNAME=toby
OS=Windows_NT
PROCESSOR_IDENTIFIER=Intel64 Family 6 Model 58 Stepping 9, GenuineIntel



---------------  S Y S T E M  ---------------

OS: Windows 7 , 64 bit Build 7600 

CPU:total 4 (2 cores per cpu, 2 threads per core) family 6 model 58 stepping 9, cmov, cx8, fxsr, mmx, sse, sse2, sse3, ssse3, sse4.1, sse4.2, popcnt, avx, erms, ht, tsc, tscinvbit, tscinv

Memory: 4k page, physical 4055292k(739812k free), swap 4055292k(7284k free)

vm_info: Java HotSpot(TM) 64-Bit Server VM (24.79-b02) for windows-amd64 JRE (1.7.0_79-b15), built on Apr 10 2015 12:36:16 by "java_re" with unknown MS VC++:1600

time: Fri Nov 13 14:52:39 2015
elapsed time: 6 seconds

