#
# There is insufficient memory for the Java Runtime Environment to continue.
# Native memory allocation (malloc) failed to allocate 80128 bytes for Chunk::new
# Possible reasons:
#   The system is out of physical RAM or swap space
#   In 32 bit mode, the process size limit was hit
# Possible solutions:
#   Reduce memory load on the system
#   Increase physical memory or swap space
#   Check if swap backing store is full
#   Use 64 bit Java on a 64 bit OS
#   Decrease Java heap size (-Xmx/-Xms)
#   Decrease number of Java threads
#   Decrease Java thread stack sizes (-Xss)
#   Set larger code cache with -XX:ReservedCodeCacheSize=
# This output file may be truncated or incomplete.
#
#  Out of Memory Error (allocation.cpp:323), pid=3876, tid=5884
#
# JRE version: Java(TM) SE Runtime Environment (7.0_79-b15) (build 1.7.0_79-b15)
# Java VM: Java HotSpot(TM) 64-Bit Server VM (24.79-b02 mixed mode windows-amd64 compressed oops)
# Failed to write core dump. Minidumps are not enabled by default on client versions of Windows
#

---------------  T H R E A D  ---------------

Current thread (0x00000000086ae800):  JavaThread "C2 CompilerThread0" daemon [_thread_in_native, id=5884, stack(0x0000000009c10000,0x0000000009d10000)]

Stack: [0x0000000009c10000,0x0000000009d10000]
[error occurred during error reporting (printing stack bounds), id 0xc0000005]


Current CompileTask:
C2:   6961  517             com.android.dx.dex.cf.CfTranslator::translate0 (259 bytes)


---------------  P R O C E S S  ---------------

Java Threads: ( => current thread )
  0x00000000086c0000 JavaThread "Service Thread" daemon [_thread_blocked, id=5400, stack(0x0000000009e10000,0x0000000009f10000)]
  0x00000000086b9800 JavaThread "C2 CompilerThread1" daemon [_thread_in_native, id=4516, stack(0x0000000009d10000,0x0000000009e10000)]
=>0x00000000086ae800 JavaThread "C2 CompilerThread0" daemon [_thread_in_native, id=5884, stack(0x0000000009c10000,0x0000000009d10000)]
  0x00000000086ad800 JavaThread "Attach Listener" daemon [_thread_blocked, id=4076, stack(0x0000000009b10000,0x0000000009c10000)]
  0x00000000086aa800 JavaThread "Signal Dispatcher" daemon [_thread_blocked, id=5724, stack(0x0000000009a10000,0x0000000009b10000)]
  0x0000000008659000 JavaThread "Finalizer" daemon [_thread_blocked, id=1632, stack(0x0000000009910000,0x0000000009a10000)]
  0x0000000008655800 JavaThread "Reference Handler" daemon [_thread_blocked, id=5056, stack(0x0000000009810000,0x0000000009910000)]
  0x0000000002700800 JavaThread "main" [_thread_in_Java, id=3052, stack(0x00000000025f0000,0x00000000026f0000)]

Other Threads:
  0x0000000008650800 VMThread [stack: 0x0000000009710000,0x0000000009810000] [id=4272]
  0x00000000086d5800 WatcherThread [stack: 0x0000000009f10000,0x000000000a010000] [id=6908]

VM state:not at safepoint (normal execution)

VM Mutex/Monitor currently owned by a thread: None

Heap
 PSYoungGen      total 35328K, used 15500K [0x00000000eaa80000, 0x00000000efa80000, 0x0000000100000000)
  eden space 32768K, 39% used [0x00000000eaa80000,0x00000000eb725110,0x00000000eca80000)
  from space 2560K, 99% used [0x00000000eca80000,0x00000000eccfe038,0x00000000ecd00000)
  to   space 8192K, 0% used [0x00000000ef280000,0x00000000ef280000,0x00000000efa80000)
 ParOldGen       total 41984K, used 13467K [0x00000000c0000000, 0x00000000c2900000, 0x00000000eaa80000)
  object space 41984K, 32% used [0x00000000c0000000,0x00000000c0d26d08,0x00000000c2900000)
 PSPermGen       total 21504K, used 6052K [0x00000000bae00000, 0x00000000bc300000, 0x00000000c0000000)
  object space 21504K, 28% used [0x00000000bae00000,0x00000000bb3e93b8,0x00000000bc300000)

Card table byte_map: [0x00000000058c0000,0x0000000005af0000] byte_map_base: 0x00000000052e9000

Polling page: 0x00000000021f0000

Code Cache  [0x0000000002800000, 0x0000000002a70000, 0x0000000005800000)
 total_blobs=751 nmethods=512 adapters=191 free_code_cache=47055Kb largest_free_block=48146496

Compilation events (10 events):
Event: 6.851 Thread 0x00000000086ae800 nmethod 512 0x00000000029ff350 code [0x00000000029ff480, 0x00000000029ff4d8]
Event: 6.851 Thread 0x00000000086ae800  513             com.android.dx.rop.cst.CstType::getClassType (5 bytes)
Event: 6.851 Thread 0x00000000086ae800 nmethod 513 0x0000000002a12710 code [0x0000000002a12840, 0x0000000002a12898]
Event: 6.851 Thread 0x00000000086ae800  514             com.android.dx.rop.type.Type::getFrameType (58 bytes)
Event: 6.852 Thread 0x00000000086ae800 nmethod 514 0x0000000002a12490 code [0x0000000002a125c0, 0x0000000002a12638]
Event: 6.852 Thread 0x00000000086ae800  515             com.android.dx.rop.type.Type::getFrameType (5 bytes)
Event: 6.853 Thread 0x00000000086ae800 nmethod 515 0x00000000029f9c10 code [0x00000000029f9d40, 0x00000000029f9db8]
Event: 6.853 Thread 0x00000000086ae800  516             com.android.dx.util.IntList::makeImmutable (20 bytes)
Event: 6.856 Thread 0x00000000086ae800 nmethod 516 0x00000000029f9810 code [0x00000000029f9960, 0x00000000029f9ad8]
Event: 6.856 Thread 0x00000000086ae800  517             com.android.dx.dex.cf.CfTranslator::translate0 (259 bytes)

GC Heap History (10 events):
Event: 0.763 GC heap before
{Heap before GC invocations=1 (full 0):
 PSYoungGen      total 18944K, used 16384K [0x00000000eaa80000, 0x00000000ebf80000, 0x0000000100000000)
  eden space 16384K, 100% used [0x00000000eaa80000,0x00000000eba80000,0x00000000eba80000)
  from space 2560K, 0% used [0x00000000ebd00000,0x00000000ebd00000,0x00000000ebf80000)
  to   space 2560K, 0% used [0x00000000eba80000,0x00000000eba80000,0x00000000ebd00000)
 ParOldGen       total 41984K, used 0K [0x00000000c0000000, 0x00000000c2900000, 0x00000000eaa80000)
  object space 41984K, 0% used [0x00000000c0000000,0x00000000c0000000,0x00000000c2900000)
 PSPermGen       total 21504K, used 5585K [0x00000000bae00000, 0x00000000bc300000, 0x00000000c0000000)
  object space 21504K, 25% used [0x00000000bae00000,0x00000000bb374528,0x00000000bc300000)
Event: 0.770 GC heap after
Heap after GC invocations=1 (full 0):
 PSYoungGen      total 18944K, used 2556K [0x00000000eaa80000, 0x00000000ebf80000, 0x0000000100000000)
  eden space 16384K, 0% used [0x00000000eaa80000,0x00000000eaa80000,0x00000000eba80000)
  from space 2560K, 99% used [0x00000000eba80000,0x00000000ebcff300,0x00000000ebd00000)
  to   space 2560K, 0% used [0x00000000ebd00000,0x00000000ebd00000,0x00000000ebf80000)
 ParOldGen       total 41984K, used 822K [0x00000000c0000000, 0x00000000c2900000, 0x00000000eaa80000)
  object space 41984K, 1% used [0x00000000c0000000,0x00000000c00cd970,0x00000000c2900000)
 PSPermGen       total 21504K, used 5585K [0x00000000bae00000, 0x00000000bc300000, 0x00000000c0000000)
  object space 21504K, 25% used [0x00000000bae00000,0x00000000bb374528,0x00000000bc300000)
}
Event: 1.538 GC heap before
{Heap before GC invocations=2 (full 0):
 PSYoungGen      total 18944K, used 18940K [0x00000000eaa80000, 0x00000000ebf80000, 0x0000000100000000)
  eden space 16384K, 100% used [0x00000000eaa80000,0x00000000eba80000,0x00000000eba80000)
  from space 2560K, 99% used [0x00000000eba80000,0x00000000ebcff300,0x00000000ebd00000)
  to   space 2560K, 0% used [0x00000000ebd00000,0x00000000ebd00000,0x00000000ebf80000)
 ParOldGen       total 41984K, used 822K [0x00000000c0000000, 0x00000000c2900000, 0x00000000eaa80000)
  object space 41984K, 1% used [0x00000000c0000000,0x00000000c00cd970,0x00000000c2900000)
 PSPermGen       total 21504K, used 5815K [0x00000000bae00000, 0x00000000bc300000, 0x00000000c0000000)
  object space 21504K, 27% used [0x00000000bae00000,0x00000000bb3adc00,0x00000000bc300000)
Event: 1.548 GC heap after
Heap after GC invocations=2 (full 0):
 PSYoungGen      total 18944K, used 2552K [0x00000000eaa80000, 0x00000000ecf80000, 0x0000000100000000)
  eden space 16384K, 0% used [0x00000000eaa80000,0x00000000eaa80000,0x00000000eba80000)
  from space 2560K, 99% used [0x00000000ebd00000,0x00000000ebf7e058,0x00000000ebf80000)
  to   space 2560K, 0% used [0x00000000eba80000,0x00000000eba80000,0x00000000ebd00000)
 ParOldGen       total 41984K, used 2991K [0x00000000c0000000, 0x00000000c2900000, 0x00000000eaa80000)
  object space 41984K, 7% used [0x00000000c0000000,0x00000000c02ebe10,0x00000000c2900000)
 PSPermGen       total 21504K, used 5815K [0x00000000bae00000, 0x00000000bc300000, 0x00000000c0000000)
  object space 21504K, 27% used [0x00000000bae00000,0x00000000bb3adc00,0x00000000bc300000)
}
Event: 2.227 GC heap before
{Heap before GC invocations=3 (full 0):
 PSYoungGen      total 18944K, used 18936K [0x00000000eaa80000, 0x00000000ecf80000, 0x0000000100000000)
  eden space 16384K, 100% used [0x00000000eaa80000,0x00000000eba80000,0x00000000eba80000)
  from space 2560K, 99% used [0x00000000ebd00000,0x00000000ebf7e058,0x00000000ebf80000)
  to   space 2560K, 0% used [0x00000000eba80000,0x00000000eba80000,0x00000000ebd00000)
 ParOldGen       total 41984K, used 2991K [0x00000000c0000000, 0x00000000c2900000, 0x00000000eaa80000)
  object space 41984K, 7% used [0x00000000c0000000,0x00000000c02ebe10,0x00000000c2900000)
 PSPermGen       total 21504K, used 5929K [0x00000000bae00000, 0x00000000bc300000, 0x00000000c0000000)
  object space 21504K, 27% used [0x00000000bae00000,0x00000000bb3ca768,0x00000000bc300000)
Event: 2.264 GC heap after
Heap after GC invocations=3 (full 0):
 PSYoungGen      total 18944K, used 2536K [0x00000000eaa80000, 0x00000000ecf80000, 0x0000000100000000)
  eden space 16384K, 0% used [0x00000000eaa80000,0x00000000eaa80000,0x00000000eba80000)
  from space 2560K, 99% used [0x00000000eba80000,0x00000000ebcfa048,0x00000000ebd00000)
  to   space 2560K, 0% used [0x00000000ecd00000,0x00000000ecd00000,0x00000000ecf80000)
 ParOldGen       total 41984K, used 5398K [0x00000000c0000000, 0x00000000c2900000, 0x00000000eaa80000)
  object space 41984K, 12% used [0x00000000c0000000,0x00000000c0545a50,0x00000000c2900000)
 PSPermGen       total 21504K, used 5929K [0x00000000bae00000, 0x00000000bc300000, 0x00000000c0000000)
  object space 21504K, 27% used [0x00000000bae00000,0x00000000bb3ca768,0x00000000bc300000)
}
Event: 2.981 GC heap before
{Heap before GC invocations=4 (full 0):
 PSYoungGen      total 18944K, used 18920K [0x00000000eaa80000, 0x00000000ecf80000, 0x0000000100000000)
  eden space 16384K, 100% used [0x00000000eaa80000,0x00000000eba80000,0x00000000eba80000)
  from space 2560K, 99% used [0x00000000eba80000,0x00000000ebcfa048,0x00000000ebd00000)
  to   space 2560K, 0% used [0x00000000ecd00000,0x00000000ecd00000,0x00000000ecf80000)
 ParOldGen       total 41984K, used 5398K [0x00000000c0000000, 0x00000000c2900000, 0x00000000eaa80000)
  object space 41984K, 12% used [0x00000000c0000000,0x00000000c0545a50,0x00000000c2900000)
 PSPermGen       total 21504K, used 5963K [0x00000000bae00000, 0x00000000bc300000, 0x00000000c0000000)
  object space 21504K, 27% used [0x00000000bae00000,0x00000000bb3d2e78,0x00000000bc300000)
Event: 3.092 GC heap after
Heap after GC invocations=4 (full 0):
 PSYoungGen      total 35328K, used 2536K [0x00000000eaa80000, 0x00000000ecf80000, 0x0000000100000000)
  eden space 32768K, 0% used [0x00000000eaa80000,0x00000000eaa80000,0x00000000eca80000)
  from space 2560K, 99% used [0x00000000ecd00000,0x00000000ecf7a048,0x00000000ecf80000)
  to   space 2560K, 0% used [0x00000000eca80000,0x00000000eca80000,0x00000000ecd00000)
 ParOldGen       total 41984K, used 8174K [0x00000000c0000000, 0x00000000c2900000, 0x00000000eaa80000)
  object space 41984K, 19% used [0x00000000c0000000,0x00000000c07fb9b8,0x00000000c2900000)
 PSPermGen       total 21504K, used 5963K [0x00000000bae00000, 0x00000000bc300000, 0x00000000c0000000)
  object space 21504K, 27% used [0x00000000bae00000,0x00000000bb3d2e78,0x00000000bc300000)
}
Event: 5.499 GC heap before
{Heap before GC invocations=5 (full 0):
 PSYoungGen      total 35328K, used 35304K [0x00000000eaa80000, 0x00000000ecf80000, 0x0000000100000000)
  eden space 32768K, 100% used [0x00000000eaa80000,0x00000000eca80000,0x00000000eca80000)
  from space 2560K, 99% used [0x00000000ecd00000,0x00000000ecf7a048,0x00000000ecf80000)
  to   space 2560K, 0% used [0x00000000eca80000,0x00000000eca80000,0x00000000ecd00000)
 ParOldGen       total 41984K, used 8174K [0x00000000c0000000, 0x00000000c2900000, 0x00000000eaa80000)
  object space 41984K, 19% used [0x00000000c0000000,0x00000000c07fb9b8,0x00000000c2900000)
 PSPermGen       total 21504K, used 6014K [0x00000000bae00000, 0x00000000bc300000, 0x00000000c0000000)
  object space 21504K, 27% used [0x00000000bae00000,0x00000000bb3df890,0x00000000bc300000)
Event: 5.640 GC heap after
Heap after GC invocations=5 (full 0):
 PSYoungGen      total 35328K, used 2552K [0x00000000eaa80000, 0x00000000efa80000, 0x0000000100000000)
  eden space 32768K, 0% used [0x00000000eaa80000,0x00000000eaa80000,0x00000000eca80000)
  from space 2560K, 99% used [0x00000000eca80000,0x00000000eccfe038,0x00000000ecd00000)
  to   space 8192K, 0% used [0x00000000ef280000,0x00000000ef280000,0x00000000efa80000)
 ParOldGen       total 41984K, used 13467K [0x00000000c0000000, 0x00000000c2900000, 0x00000000eaa80000)
  object space 41984K, 32% used [0x00000000c0000000,0x00000000c0d26d08,0x00000000c2900000)
 PSPermGen       total 21504K, used 6014K [0x00000000bae00000, 0x00000000bc300000, 0x00000000c0000000)
  object space 21504K, 27% used [0x00000000bae00000,0x00000000bb3df890,0x00000000bc300000)
}

Deoptimization events (10 events):
Event: 3.896 Thread 0x000000000a075800 Uncommon trap: reason=unreached action=reinterpret pc=0x00000000028db714 method=com.android.dx.ssa.SCCP.simulateBranch(Lcom/android/dx/ssa/SsaInsn;)V @ 132
Event: 5.042 Thread 0x000000000a075800 Uncommon trap: reason=null_check action=make_not_entrant pc=0x00000000029a83c4 method=com.android.dx.dex.cf.AttributeTranslator.getSignature(Lcom/android/dx/cf/iface/AttributeList;)Lcom/android/dx/rop/annotation/Annotation; @ 8
Event: 6.010 Thread 0x000000000a075800 Uncommon trap: reason=bimorphic action=maybe_recompile pc=0x0000000002969aac method=com.android.dx.cf.code.BytecodeArray.parseInstruction(ILcom/android/dx/cf/code/BytecodeArray$Visitor;)I @ 1357
Event: 6.010 Thread 0x000000000a075800 Uncommon trap: reason=bimorphic action=maybe_recompile pc=0x0000000002969aac method=com.android.dx.cf.code.BytecodeArray.parseInstruction(ILcom/android/dx/cf/code/BytecodeArray$Visitor;)I @ 1357
Event: 6.012 Thread 0x000000000a075800 Uncommon trap: reason=bimorphic action=maybe_recompile pc=0x0000000002969aac method=com.android.dx.cf.code.BytecodeArray.parseInstruction(ILcom/android/dx/cf/code/BytecodeArray$Visitor;)I @ 1357
Event: 6.012 Thread 0x000000000a075800 Uncommon trap: reason=bimorphic action=maybe_recompile pc=0x0000000002969aac method=com.android.dx.cf.code.BytecodeArray.parseInstruction(ILcom/android/dx/cf/code/BytecodeArray$Visitor;)I @ 1357
Event: 6.157 Thread 0x000000000a075800 Uncommon trap: reason=bimorphic action=maybe_recompile pc=0x000000000292ed7c method=com.android.dx.ssa.SCCP.simulatePhi(Lcom/android/dx/ssa/PhiInsn;)V @ 124
Event: 6.768 Thread 0x0000000002700800 Uncommon trap: reason=class_check action=maybe_recompile pc=0x00000000028af6a4 method=java.util.HashMap.put(Ljava/lang/Object;Ljava/lang/Object;)Ljava/lang/Object; @ 83
Event: 6.768 Thread 0x0000000002700800 Uncommon trap: reason=class_check action=maybe_recompile pc=0x00000000028af6a4 method=java.util.HashMap.put(Ljava/lang/Object;Ljava/lang/Object;)Ljava/lang/Object; @ 83
Event: 6.768 Thread 0x0000000002700800 Uncommon trap: reason=class_check action=maybe_recompile pc=0x00000000028af6a4 method=java.util.HashMap.put(Ljava/lang/Object;Ljava/lang/Object;)Ljava/lang/Object; @ 83

Internal exceptions (10 events):
Event: 1.938 Thread 0x000000000a333000 Threw 0x00000000eb4b7ea0 at C:\re\jdk7u79\2331\hotspot\src\share\vm\prims\jvm.cpp:1304
Event: 1.939 Thread 0x000000000a333000 Threw 0x00000000eb4bd570 at C:\re\jdk7u79\2331\hotspot\src\share\vm\prims\jvm.cpp:1304
Event: 2.915 Thread 0x000000000a075800 Threw 0x00000000eb8ca948 at C:\re\jdk7u79\2331\hotspot\src\share\vm\prims\jvm.cpp:1304
Event: 3.156 Thread 0x0000000002700800 Implicit null exception at 0x00000000029142ab to 0x000000000291498d
Event: 3.882 Thread 0x0000000002700800 Threw 0x00000000eb5038f8 at C:\re\jdk7u79\2331\hotspot\src\share\vm\prims\jvm.cpp:1304
Event: 3.886 Thread 0x0000000002700800 Implicit null exception at 0x0000000002944ff0 to 0x00000000029472cd
Event: 3.897 Thread 0x000000000a075800 Threw 0x00000000eb585dd0 at C:\re\jdk7u79\2331\hotspot\src\share\vm\prims\jvm.cpp:1304
Event: 3.901 Thread 0x0000000002700800 Threw 0x00000000eb5b6e20 at C:\re\jdk7u79\2331\hotspot\src\share\vm\prims\jvm.cpp:1304
Event: 3.901 Thread 0x0000000002700800 Threw 0x00000000eb5b9358 at C:\re\jdk7u79\2331\hotspot\src\share\vm\prims\jvm.cpp:1304
Event: 5.042 Thread 0x000000000a075800 Implicit null exception at 0x00000000029a5d6c to 0x00000000029a83b9

Events (10 events):
Event: 6.739 loading class 0x0000000002785750 done
Event: 6.768 Thread 0x0000000002700800 Uncommon trap: trap_request=0xffffffde fr.pc=0x00000000028af6a4
Event: 6.768 Thread 0x0000000002700800 DEOPT PACKING pc=0x00000000028af6a4 sp=0x00000000026eeeb0
Event: 6.768 Thread 0x0000000002700800 DEOPT UNPACKING pc=0x00000000028375a4 sp=0x00000000026eee58 mode 2
Event: 6.768 Thread 0x0000000002700800 Uncommon trap: trap_request=0xffffffde fr.pc=0x00000000028af6a4
Event: 6.768 Thread 0x0000000002700800 DEOPT PACKING pc=0x00000000028af6a4 sp=0x00000000026eeeb0
Event: 6.768 Thread 0x0000000002700800 DEOPT UNPACKING pc=0x00000000028375a4 sp=0x00000000026eee58 mode 2
Event: 6.768 Thread 0x0000000002700800 Uncommon trap: trap_request=0xffffffde fr.pc=0x00000000028af6a4
Event: 6.768 Thread 0x0000000002700800 DEOPT PACKING pc=0x00000000028af6a4 sp=0x00000000026eeeb0
Event: 6.768 Thread 0x0000000002700800 DEOPT UNPACKING pc=0x00000000028375a4 sp=0x00000000026eee58 mode 2


Dynamic libraries:
0x00007ff730e90000 - 0x00007ff730ec3000 	C:\Program Files\Java\jdk1.7.0_79\bin\java.exe
0x00007ffd45830000 - 0x00007ffd459f1000 	C:\WINDOWS\SYSTEM32\ntdll.dll
0x00007ffd438c0000 - 0x00007ffd4396d000 	C:\WINDOWS\system32\KERNEL32.DLL
0x00007ffd42400000 - 0x00007ffd425dd000 	C:\WINDOWS\system32\KERNELBASE.dll
0x00007ffd408b0000 - 0x00007ffd40928000 	C:\WINDOWS\system32\apphelp.dll
0x00007ffd43540000 - 0x00007ffd435e6000 	C:\WINDOWS\system32\ADVAPI32.dll
0x00007ffd45750000 - 0x00007ffd457ed000 	C:\WINDOWS\system32\msvcrt.dll
0x00007ffd42fb0000 - 0x00007ffd4300b000 	C:\WINDOWS\system32\sechost.dll
0x00007ffd43210000 - 0x00007ffd43336000 	C:\WINDOWS\system32\RPCRT4.dll
0x00007ffd43f80000 - 0x00007ffd440ce000 	C:\WINDOWS\system32\USER32.dll
0x00007ffd43080000 - 0x00007ffd43206000 	C:\WINDOWS\system32\GDI32.dll
0x00007ffd36ff0000 - 0x00007ffd37264000 	C:\WINDOWS\WinSxS\amd64_microsoft.windows.common-controls_6595b64144ccf1df_6.0.10240.16384_none_f41f7b285750ef43\COMCTL32.dll
0x00007ffd42f70000 - 0x00007ffd42fa6000 	C:\WINDOWS\system32\IMM32.DLL
0x00007ffd435f0000 - 0x00007ffd4374c000 	C:\WINDOWS\system32\MSCTF.dll
0x0000000067330000 - 0x0000000067402000 	C:\Program Files\Java\jdk1.7.0_79\jre\bin\msvcr100.dll
0x00000000678a0000 - 0x0000000068075000 	C:\Program Files\Java\jdk1.7.0_79\jre\bin\server\jvm.dll
0x00007ffd45810000 - 0x00007ffd45818000 	C:\WINDOWS\system32\PSAPI.DLL
0x00007ffd40960000 - 0x00007ffd40969000 	C:\WINDOWS\SYSTEM32\WSOCK32.dll
0x00007ffd42f00000 - 0x00007ffd42f69000 	C:\WINDOWS\system32\WS2_32.dll
0x00007ffd43970000 - 0x00007ffd43978000 	C:\WINDOWS\system32\NSI.dll
0x00007ffd40480000 - 0x00007ffd404a3000 	C:\WINDOWS\SYSTEM32\WINMM.dll
0x00007ffd40420000 - 0x00007ffd4044c000 	C:\WINDOWS\SYSTEM32\WINMMBASE.dll
0x00007ffd42300000 - 0x00007ffd42344000 	C:\WINDOWS\system32\cfgmgr32.dll
0x00007ffd40b30000 - 0x00007ffd40b57000 	C:\WINDOWS\SYSTEM32\DEVOBJ.dll
0x00000000677b0000 - 0x00000000677bf000 	C:\Program Files\Java\jdk1.7.0_79\jre\bin\verify.dll
0x0000000067780000 - 0x00000000677a8000 	C:\Program Files\Java\jdk1.7.0_79\jre\bin\java.dll
0x0000000067760000 - 0x0000000067775000 	C:\Program Files\Java\jdk1.7.0_79\jre\bin\zip.dll
0x0000000067740000 - 0x000000006775a000 	C:\Program Files\Java\jdk1.7.0_79\jre\bin\net.dll
0x00007ffd41ad0000 - 0x00007ffd41b2d000 	C:\WINDOWS\system32\mswsock.dll
0x0000000067720000 - 0x0000000067731000 	C:\Program Files\Java\jdk1.7.0_79\jre\bin\nio.dll

VM Arguments:
jvm_args: -Xmx1024M -Dfile.encoding=GBK -Duser.country=CN -Duser.language=zh -Duser.variant 
java_command: com.android.dx.command.Main --dex --num-threads=4 --output D:\WorkProgram\AndroidstudioProjects\MyMenu\mymenu1\build\intermediates\pre-dexed\debug\internal_impl-23.1.0-19578ae23d43a09e39e47e8ada056282889cec9f.jar D:\WorkProgram\AndroidstudioProjects\MyMenu\mymenu1\build\intermediates\exploded-aar\com.android.support\support-v4\23.1.0\jars\libs\internal_impl-23.1.0.jar
Launcher Type: SUN_STANDARD

Environment Variables:
CLASSPATH=C:\Program Files\Java\jdk1.7.0_79\lib\tools.jar;C:\Program Files\Java\jdk1.7.0_79\lib\dt.jar;C:\Program Files\Java\jdk1.6.0_43\lib\dt.jar;C:\Program Files\Java\jdk1.6.0_43\lib\tools.jar;
PATH=D:\app\toby\product\11.2.0\dbhome_1\bin;C:\WINDOWS\system32;C:\WINDOWS;C:\WINDOWS\System32\Wbem;C:\WINDOWS\System32\WindowsPowerShell\v1.0\;C:\Program Files (x86)\ATI Technologies\ATI.ACE\Core-Static;C:\Program Files\Java\jdk1.7.0_79\bin;C:\Program Files\Java\jdk1.6.0_43\bin;C:\Program Files\MySQL\MySQL Server 5.6\bin;
USERNAME=toby
OS=Windows_NT
PROCESSOR_IDENTIFIER=Intel64 Family 6 Model 58 Stepping 9, GenuineIntel



---------------  S Y S T E M  ---------------

OS: Windows 8.1 , 64 bit Build 9600 

CPU:total 4 (2 cores per cpu, 2 threads per core) family 6 model 58 stepping 9, cmov, cx8, fxsr, mmx, sse, sse2, sse3, ssse3, sse4.1, sse4.2, popcnt, avx, erms, ht, tsc, tscinvbit, tscinv

Memory: 4k page, physical 4055292k(724476k free), swap 4055292k(5200k free)

vm_info: Java HotSpot(TM) 64-Bit Server VM (24.79-b02) for windows-amd64 JRE (1.7.0_79-b15), built on Apr 10 2015 12:36:16 by "java_re" with unknown MS VC++:1600

time: Fri Nov 13 14:52:46 2015
elapsed time: 6 seconds

