#
# There is insufficient memory for the Java Runtime Environment to continue.
# Native memory allocation (malloc) failed to allocate 484048 bytes for Chunk::new
# Possible reasons:
#   The system is out of physical RAM or swap space
#   In 32 bit mode, the process size limit was hit
# Possible solutions:
#   Reduce memory load on the system
#   Increase physical memory or swap space
#   Check if swap backing store is full
#   Use 64 bit Java on a 64 bit OS
#   Decrease Java heap size (-Xmx/-Xms)
#   Decrease number of Java threads
#   Decrease Java thread stack sizes (-Xss)
#   Set larger code cache with -XX:ReservedCodeCacheSize=
# This output file may be truncated or incomplete.
#
#  Out of Memory Error (allocation.cpp:323), pid=6196, tid=5732
#
# JRE version: Java(TM) SE Runtime Environment (7.0_79-b15) (build 1.7.0_79-b15)
# Java VM: Java HotSpot(TM) 64-Bit Server VM (24.79-b02 mixed mode windows-amd64 compressed oops)
# Failed to write core dump. Minidumps are not enabled by default on client versions of Windows
#

---------------  T H R E A D  ---------------

Current thread (0x000000000a4d1800):  JavaThread "C2 CompilerThread0" daemon [_thread_in_native, id=5732, stack(0x000000000aac0000,0x000000000abc0000)]

Stack: [0x000000000aac0000,0x000000000abc0000]

Current CompileTask:
C2:   3785  235             com.android.dx.ssa.SsaRenamer$BlockRenamer::process (191 bytes)


---------------  P R O C E S S  ---------------

Java Threads: ( => current thread )
  0x000000000a799000 JavaThread "pool-1-thread-3" [_thread_in_Java, id=6888, stack(0x000000000b1c0000,0x000000000b2c0000)]
  0x000000000a795000 JavaThread "pool-2-thread-1" [_thread_blocked, id=1680, stack(0x000000000afc0000,0x000000000b0c0000)]
  0x000000000a4e1000 JavaThread "Service Thread" daemon [_thread_blocked, id=340, stack(0x000000000acc0000,0x000000000adc0000)]
  0x000000000a4e0800 JavaThread "C2 CompilerThread1" daemon [_thread_in_native, id=2676, stack(0x000000000abc0000,0x000000000acc0000)]
=>0x000000000a4d1800 JavaThread "C2 CompilerThread0" daemon [_thread_in_native, id=5732, stack(0x000000000aac0000,0x000000000abc0000)]
  0x000000000a4ce800 JavaThread "Attach Listener" daemon [_thread_blocked, id=5172, stack(0x000000000a9c0000,0x000000000aac0000)]
  0x000000000a4c9000 JavaThread "Signal Dispatcher" daemon [_thread_blocked, id=4320, stack(0x000000000a8c0000,0x000000000a9c0000)]
  0x000000000913a000 JavaThread "Finalizer" daemon [_thread_blocked, id=1780, stack(0x000000000a3c0000,0x000000000a4c0000)]
  0x0000000009136800 JavaThread "Reference Handler" daemon [_thread_blocked, id=6760, stack(0x000000000a2c0000,0x000000000a3c0000)]
  0x00000000031b5000 JavaThread "main" [_thread_blocked, id=1784, stack(0x00000000030b0000,0x00000000031b0000)]

Other Threads:
  0x0000000009129000 VMThread [stack: 0x000000000a1c0000,0x000000000a2c0000] [id=5288]
  0x000000000a4ed800 WatcherThread [stack: 0x000000000adc0000,0x000000000aec0000] [id=3580]

VM state:not at safepoint (normal execution)

VM Mutex/Monitor currently owned by a thread: None

Heap
 PSYoungGen      total 18944K, used 16851K [0x00000000eaa80000, 0x00000000ecf80000, 0x0000000100000000)
  eden space 16384K, 87% used [0x00000000eaa80000,0x00000000eb876c88,0x00000000eba80000)
  from space 2560K, 99% used [0x00000000eba80000,0x00000000ebcfe2a0,0x00000000ebd00000)
  to   space 2560K, 0% used [0x00000000ecd00000,0x00000000ecd00000,0x00000000ecf80000)
 ParOldGen       total 41984K, used 1902K [0x00000000c0000000, 0x00000000c2900000, 0x00000000eaa80000)
  object space 41984K, 4% used [0x00000000c0000000,0x00000000c01dba88,0x00000000c2900000)
 PSPermGen       total 21504K, used 5867K [0x00000000bae00000, 0x00000000bc300000, 0x00000000c0000000)
  object space 21504K, 27% used [0x00000000bae00000,0x00000000bb3bad90,0x00000000bc300000)

Card table byte_map: [0x0000000006370000,0x00000000065a0000] byte_map_base: 0x0000000005d99000

Polling page: 0x0000000002f90000

Code Cache  [0x00000000032b0000, 0x0000000003520000, 0x00000000062b0000)
 total_blobs=475 nmethods=236 adapters=191 free_code_cache=48183Kb largest_free_block=49297664

Compilation events (10 events):
Event: 3.697 Thread 0x000000000a4d1800 nmethod 233 0x0000000003397210 code [0x0000000003397360, 0x0000000003397418]
Event: 3.697 Thread 0x000000000a4d1800  234             java.util.HashSet::contains (9 bytes)
Event: 3.705 Thread 0x000000000a4d1800 nmethod 234 0x0000000003396b90 code [0x0000000003396d00, 0x0000000003396f48]
Event: 3.705 Thread 0x000000000a4d1800  235             com.android.dx.ssa.SsaRenamer$BlockRenamer::process (191 bytes)
Event: 3.755 Thread 0x000000000a4e0800 nmethod 229 0x00000000033a87d0 code [0x00000000033a8aa0, 0x00000000033a9fb8]
Event: 3.756 Thread 0x000000000a4e0800  236             java.util.Collections$UnmodifiableCollection$1::next (10 bytes)
Event: 3.759 Thread 0x000000000a4e0800 nmethod 236 0x0000000003396650 code [0x00000000033967c0, 0x0000000003396928]
Event: 3.760 Thread 0x000000000a4e0800  237             com.android.dx.ssa.SsaMethod$1::visitNonMoveInsn (26 bytes)
Event: 3.762 Thread 0x000000000a4e0800 nmethod 237 0x0000000003396290 code [0x00000000033963e0, 0x00000000033964d8]
Event: 3.762 Thread 0x000000000a4e0800  238             com.android.dx.ssa.SCCP::simulateStmt (481 bytes)

GC Heap History (2 events):
Event: 2.556 GC heap before
{Heap before GC invocations=1 (full 0):
 PSYoungGen      total 18944K, used 16384K [0x00000000eaa80000, 0x00000000ebf80000, 0x0000000100000000)
  eden space 16384K, 100% used [0x00000000eaa80000,0x00000000eba80000,0x00000000eba80000)
  from space 2560K, 0% used [0x00000000ebd00000,0x00000000ebd00000,0x00000000ebf80000)
  to   space 2560K, 0% used [0x00000000eba80000,0x00000000eba80000,0x00000000ebd00000)
 ParOldGen       total 41984K, used 0K [0x00000000c0000000, 0x00000000c2900000, 0x00000000eaa80000)
  object space 41984K, 0% used [0x00000000c0000000,0x00000000c0000000,0x00000000c2900000)
 PSPermGen       total 21504K, used 5708K [0x00000000bae00000, 0x00000000bc300000, 0x00000000c0000000)
  object space 21504K, 26% used [0x00000000bae00000,0x00000000bb3932e0,0x00000000bc300000)
Event: 2.586 GC heap after
Heap after GC invocations=1 (full 0):
 PSYoungGen      total 18944K, used 2552K [0x00000000eaa80000, 0x00000000ecf80000, 0x0000000100000000)
  eden space 16384K, 0% used [0x00000000eaa80000,0x00000000eaa80000,0x00000000eba80000)
  from space 2560K, 99% used [0x00000000eba80000,0x00000000ebcfe2a0,0x00000000ebd00000)
  to   space 2560K, 0% used [0x00000000ecd00000,0x00000000ecd00000,0x00000000ecf80000)
 ParOldGen       total 41984K, used 1902K [0x00000000c0000000, 0x00000000c2900000, 0x00000000eaa80000)
  object space 41984K, 4% used [0x00000000c0000000,0x00000000c01dba88,0x00000000c2900000)
 PSPermGen       total 21504K, used 5708K [0x00000000bae00000, 0x00000000bc300000, 0x00000000c0000000)
  object space 21504K, 26% used [0x00000000bae00000,0x00000000bb3932e0,0x00000000bc300000)
}

Deoptimization events (8 events):
Event: 2.092 Thread 0x000000000a79e000 Uncommon trap: reason=class_check action=maybe_recompile pc=0x00000000033291b4 method=com.android.dx.ssa.NormalSsaInsn.accept(Lcom/android/dx/ssa/SsaInsn$Visitor;)V @ 9
Event: 2.092 Thread 0x000000000a79e000 Uncommon trap: reason=class_check action=maybe_recompile pc=0x00000000033291b4 method=com.android.dx.ssa.NormalSsaInsn.accept(Lcom/android/dx/ssa/SsaInsn$Visitor;)V @ 9
Event: 2.093 Thread 0x000000000a79e000 Uncommon trap: reason=class_check action=maybe_recompile pc=0x00000000033291b4 method=com.android.dx.ssa.NormalSsaInsn.accept(Lcom/android/dx/ssa/SsaInsn$Visitor;)V @ 9
Event: 2.096 Thread 0x000000000a79e000 Uncommon trap: reason=class_check action=maybe_recompile pc=0x00000000033291b4 method=com.android.dx.ssa.NormalSsaInsn.accept(Lcom/android/dx/ssa/SsaInsn$Visitor;)V @ 9
Event: 2.453 Thread 0x000000000a798800 Uncommon trap: reason=null_check action=make_not_entrant pc=0x0000000003330e50 method=com.android.dx.rop.code.LocalItem.equals(Ljava/lang/Object;)Z @ 1
Event: 3.174 Thread 0x000000000a799000 Uncommon trap: reason=null_check action=make_not_entrant pc=0x000000000336bd3c method=com.android.dx.rop.code.RegisterSpec.equals(Ljava/lang/Object;)Z @ 1
Event: 3.434 Thread 0x00000000031b5000 Uncommon trap: reason=unreached action=reinterpret pc=0x000000000337eb08 method=com.android.dx.ssa.SCCP.simulateBranch(Lcom/android/dx/ssa/SsaInsn;)V @ 132
Event: 3.686 Thread 0x000000000a799000 Uncommon trap: reason=null_check action=make_not_entrant pc=0x0000000003370474 method=com.android.dx.ssa.SsaRenamer.getLocalForNewReg(I)Lcom/android/dx/rop/code/LocalItem; @ 19

Internal exceptions (10 events):
Event: 1.863 Thread 0x00000000031b5000 Threw 0x00000000eb3d5fd0 at C:\re\jdk7u79\2331\hotspot\src\share\vm\prims\jvm.cpp:1304
Event: 1.865 Thread 0x000000000a799000 Threw 0x00000000eb200478 at C:\re\jdk7u79\2331\hotspot\src\share\vm\prims\jvm.cpp:1304
Event: 1.973 Thread 0x000000000a79e000 Threw 0x00000000eb51c888 at C:\re\jdk7u79\2331\hotspot\src\share\vm\prims\jvm.cpp:1304
Event: 1.997 Thread 0x000000000a79e000 Threw 0x00000000eb548928 at C:\re\jdk7u79\2331\hotspot\src\share\vm\prims\jvm.cpp:1304
Event: 2.020 Thread 0x000000000a798800 Threw 0x00000000eb5cdf20 at C:\re\jdk7u79\2331\hotspot\src\share\vm\prims\jvm.cpp:1304
Event: 2.453 Thread 0x000000000a798800 Implicit null exception at 0x0000000003330b04 to 0x0000000003330e39
Event: 2.749 Thread 0x00000000031b5000 Threw 0x00000000eadb13b0 at C:\re\jdk7u79\2331\hotspot\src\share\vm\prims\jvm.cpp:1304
Event: 3.174 Thread 0x000000000a799000 Implicit null exception at 0x000000000336aeee to 0x000000000336bd11
Event: 3.580 Thread 0x000000000a798800 Threw 0x00000000eb67dd08 at C:\re\jdk7u79\2331\hotspot\src\share\vm\prims\jvm.cpp:1304
Event: 3.686 Thread 0x000000000a799000 Implicit null exception at 0x000000000336f0e2 to 0x0000000003370449

Events (10 events):
Event: 3.580 loading class 0x000000000a6b0940
Event: 3.580 loading class 0x000000000a6b0940 done
Event: 3.580 loading class 0x000000000323a200
Event: 3.580 loading class 0x000000000323a200 done
Event: 3.580 Thread 0x000000000a79a000 Thread exited: 0x000000000a79a000
Event: 3.581 Thread 0x000000000a79e000 Thread exited: 0x000000000a79e000
Event: 3.588 Thread 0x000000000a798800 Thread exited: 0x000000000a798800
Event: 3.686 Thread 0x000000000a799000 Uncommon trap: trap_request=0xfffffff4 fr.pc=0x0000000003370474
Event: 3.686 Thread 0x000000000a799000 DEOPT PACKING pc=0x0000000003370474 sp=0x000000000b2beb10
Event: 3.686 Thread 0x000000000a799000 DEOPT UNPACKING pc=0x00000000032e75a4 sp=0x000000000b2be8a8 mode 2


Dynamic libraries:
0x00007ff730e90000 - 0x00007ff730ec3000 	C:\Program Files\Java\jdk1.7.0_79\bin\java.exe
0x00007ffd45830000 - 0x00007ffd459f1000 	C:\WINDOWS\SYSTEM32\ntdll.dll
0x00007ffd438c0000 - 0x00007ffd4396d000 	C:\WINDOWS\system32\KERNEL32.DLL
0x00007ffd42400000 - 0x00007ffd425dd000 	C:\WINDOWS\system32\KERNELBASE.dll
0x00007ffd408b0000 - 0x00007ffd40928000 	C:\WINDOWS\system32\apphelp.dll
0x00007ffd30050000 - 0x00007ffd304d2000 	C:\WINDOWS\AppPatch\AppPatch64\AcLayers.DLL
0x00007ffd45750000 - 0x00007ffd457ed000 	C:\WINDOWS\system32\msvcrt.dll
0x00007ffd43f80000 - 0x00007ffd440ce000 	C:\WINDOWS\system32\USER32.dll
0x00007ffd43080000 - 0x00007ffd43206000 	C:\WINDOWS\system32\GDI32.dll
0x00007ffd43340000 - 0x00007ffd43391000 	C:\WINDOWS\system32\SHLWAPI.dll
0x00007ffd43d00000 - 0x00007ffd43f7c000 	C:\WINDOWS\system32\combase.dll
0x00007ffd43210000 - 0x00007ffd43336000 	C:\WINDOWS\system32\RPCRT4.dll
0x0000000000f90000 - 0x0000000000f93000 	C:\WINDOWS\SYSTEM32\sfc.dll
0x00007ffd377d0000 - 0x00007ffd37854000 	C:\WINDOWS\SYSTEM32\WINSPOOL.DRV
0x00007ffd42190000 - 0x00007ffd421b8000 	C:\WINDOWS\SYSTEM32\bcrypt.dll
0x00007ffd2f890000 - 0x00007ffd2f8a1000 	C:\WINDOWS\SYSTEM32\sfc_os.DLL
0x00007ffd3ead0000 - 0x00007ffd3eae1000 	C:\WINDOWS\SYSTEM32\SortWindows61.dll
0x00007ffd42f70000 - 0x00007ffd42fa6000 	C:\WINDOWS\system32\IMM32.DLL
0x00007ffd435f0000 - 0x00007ffd4374c000 	C:\WINDOWS\system32\MSCTF.dll
0x00007ffd43540000 - 0x00007ffd435e6000 	C:\WINDOWS\system32\ADVAPI32.dll
0x00007ffd42fb0000 - 0x00007ffd4300b000 	C:\WINDOWS\system32\sechost.dll
0x00007ffd36ff0000 - 0x00007ffd37264000 	C:\WINDOWS\WinSxS\amd64_microsoft.windows.common-controls_6595b64144ccf1df_6.0.10240.16384_none_f41f7b285750ef43\COMCTL32.dll
0x0000000067330000 - 0x0000000067402000 	C:\Program Files\Java\jdk1.7.0_79\jre\bin\msvcr100.dll
0x00000000678a0000 - 0x0000000068075000 	C:\Program Files\Java\jdk1.7.0_79\jre\bin\server\jvm.dll
0x00007ffd45810000 - 0x00007ffd45818000 	C:\WINDOWS\system32\PSAPI.DLL
0x00007ffd40960000 - 0x00007ffd40969000 	C:\WINDOWS\SYSTEM32\WSOCK32.dll
0x00007ffd42f00000 - 0x00007ffd42f69000 	C:\WINDOWS\system32\WS2_32.dll
0x00007ffd43970000 - 0x00007ffd43978000 	C:\WINDOWS\system32\NSI.dll
0x00007ffd40480000 - 0x00007ffd404a3000 	C:\WINDOWS\SYSTEM32\WINMM.dll
0x00007ffd40420000 - 0x00007ffd4044c000 	C:\WINDOWS\SYSTEM32\WINMMBASE.dll
0x00007ffd42300000 - 0x00007ffd42344000 	C:\WINDOWS\system32\cfgmgr32.dll
0x00007ffd40b30000 - 0x00007ffd40b57000 	C:\WINDOWS\SYSTEM32\DEVOBJ.dll
0x00000000677b0000 - 0x00000000677bf000 	C:\Program Files\Java\jdk1.7.0_79\jre\bin\verify.dll
0x0000000067780000 - 0x00000000677a8000 	C:\Program Files\Java\jdk1.7.0_79\jre\bin\java.dll
0x0000000067760000 - 0x0000000067775000 	C:\Program Files\Java\jdk1.7.0_79\jre\bin\zip.dll
0x0000000067740000 - 0x000000006775a000 	C:\Program Files\Java\jdk1.7.0_79\jre\bin\net.dll
0x00007ffd41ad0000 - 0x00007ffd41b2d000 	C:\WINDOWS\system32\mswsock.dll
0x0000000067720000 - 0x0000000067731000 	C:\Program Files\Java\jdk1.7.0_79\jre\bin\nio.dll

VM Arguments:
jvm_args: -Xmx1024M -Dfile.encoding=GBK -Duser.country=CN -Duser.language=zh -Duser.variant 
java_command: com.android.dx.command.Main --dex --num-threads=4 --output D:\WorkProgram\AndroidstudioProjects\MyMenu\mymenu1\build\intermediates\pre-dexed\debug\butterknife-6.0.0-2b3415ac6855df9b0aed8970fc251307ed5a45c5.jar D:\WorkProgram\AndroidstudioProjects\MyMenu\mymenu1\libs\butterknife-6.0.0.jar
Launcher Type: SUN_STANDARD

Environment Variables:
CLASSPATH=C:\Program Files\Java\jdk1.7.0_79\lib\tools.jar;C:\Program Files\Java\jdk1.7.0_79\lib\dt.jar;C:\Program Files\Java\jdk1.6.0_43\lib\dt.jar;C:\Program Files\Java\jdk1.6.0_43\lib\tools.jar;
PATH=D:\app\toby\product\11.2.0\dbhome_1\bin;C:\WINDOWS\system32;C:\WINDOWS;C:\WINDOWS\System32\Wbem;C:\WINDOWS\System32\WindowsPowerShell\v1.0\;C:\Program Files (x86)\ATI Technologies\ATI.ACE\Core-Static;C:\Program Files\Java\jdk1.7.0_79\bin;C:\Program Files\Java\jdk1.6.0_43\bin;C:\Program Files\MySQL\MySQL Server 5.6\bin;
USERNAME=toby
OS=Windows_NT
PROCESSOR_IDENTIFIER=Intel64 Family 6 Model 58 Stepping 9, GenuineIntel



---------------  S Y S T E M  ---------------

OS: Windows 7 , 64 bit Build 7600 

CPU:total 4 (2 cores per cpu, 2 threads per core) family 6 model 58 stepping 9, cmov, cx8, fxsr, mmx, sse, sse2, sse3, ssse3, sse4.1, sse4.2, popcnt, avx, erms, ht, tsc, tscinvbit, tscinv

Memory: 4k page, physical 4055292k(905416k free), swap 4055292k(5424k free)

vm_info: Java HotSpot(TM) 64-Bit Server VM (24.79-b02) for windows-amd64 JRE (1.7.0_79-b15), built on Apr 10 2015 12:36:16 by "java_re" with unknown MS VC++:1600

time: Fri Nov 13 14:54:41 2015
elapsed time: 3 seconds

